2022-01-19 16:42:38:4238 info: "App is running on http://localhost:4000"
2022-01-19 16:42:39:4239 error: {"method":"POST","params":{},"url":"/login","query":{},"body":"Internal Server Error","responseCode":500,"stack":"QueryFailedError: relation \"users\" does not exist\n    at QueryFailedError.TypeORMError [as constructor] (E:\\work\\test\\nodejs2021Q4-service\\src\\error\\TypeORMError.ts:7:9)\n    at new QueryFailedError (E:\\work\\test\\nodejs2021Q4-service\\src\\error\\QueryFailedError.ts:9:9)\n    at PostgresQueryRunner.<anonymous> (E:\\work\\test\\nodejs2021Q4-service\\src\\driver\\postgres\\PostgresQueryRunner.ts:247:19)\n    at step (E:\\work\\test\\nodejs2021Q4-service\\node_modules\\tslib\\tslib.js:143:27)\n    at Object.throw (E:\\work\\test\\nodejs2021Q4-service\\node_modules\\tslib\\tslib.js:124:57)\n    at rejected (E:\\work\\test\\nodejs2021Q4-service\\node_modules\\tslib\\tslib.js:115:69)\n    at processTicksAndRejections (node:internal/process/task_queues:96:5)"}
2022-01-19 16:42:39:4239 info: "Postgres connected"
2022-01-19 16:42:41:4241 http: {"method":"POST","params":{},"url":"/login","query":{},"body":"Forbidden","responseCode":403}
2022-01-19 16:47:17:4717 info: "App is running on http://localhost:4000"
2022-01-19 16:47:18:4718 info: "Postgres connected"
2022-01-19 16:47:33:4733 http: {"method":"POST","params":{},"url":"/login","query":{},"body":"Forbidden","responseCode":403}
2022-01-19 16:48:11:4811 info: "App is running on http://localhost:4000"
2022-01-19 16:48:12:4812 error: "Error: Invalid salt. Salt must be in the form of: $Vers$log2(NumRounds)$saltvalue"
2022-01-19 16:50:04:504 info: "App is running on http://localhost:4000"
2022-01-19 16:50:05:505 info: "Postgres connected"
2022-01-19 16:50:09:509 http: {"method":"POST","params":{},"url":"/login","query":{},"body":"Forbidden","responseCode":403}
2022-01-19 16:50:40:5040 http: {"method":"POST","params":{},"url":"/login","query":{},"body":"Forbidden","responseCode":403}
2022-01-19 17:00:40:040 info: "App is running on http://localhost:4000"
2022-01-19 17:00:41:041 info: "Postgres connected"
2022-01-19 17:04:55:455 info: "App is running on http://localhost:4000"
2022-01-19 17:04:56:456 info: "Postgres connected"
2022-01-19 17:06:31:631 info: "App is running on http://localhost:4000"
2022-01-19 17:06:32:632 info: "Postgres connected"
2022-01-19 17:06:47:647 http: {"method":"POST","params":{},"url":"/login","query":{},"body":"Forbidden","responseCode":403}
2022-01-19 17:06:47:647 http: {"method":"POST","params":{},"url":"/login","query":{},"body":"Forbidden","responseCode":403}
2022-01-19 17:06:47:647 http: {"method":"POST","params":{},"url":"/login","query":{},"body":"Forbidden","responseCode":403}
2022-01-19 17:06:47:647 error: "jwt malformed"
2022-01-19 17:06:47:647 error: "jwt malformed"
2022-01-19 17:06:47:647 error: "jwt malformed"
2022-01-19 17:06:47:647 error: "jwt malformed"
2022-01-19 17:06:47:647 error: "jwt malformed"
2022-01-19 17:06:47:647 error: "jwt malformed"
2022-01-19 17:06:47:647 error: "jwt malformed"
2022-01-19 17:06:47:647 error: "jwt malformed"
2022-01-19 17:06:47:647 error: "jwt malformed"
2022-01-19 17:06:47:647 error: "jwt malformed"
2022-01-19 17:06:47:647 error: "jwt malformed"
2022-01-19 17:06:47:647 error: "jwt malformed"
2022-01-19 17:06:47:647 error: "jwt malformed"
2022-01-19 17:06:47:647 error: "jwt malformed"
2022-01-19 17:06:47:647 error: "jwt malformed"
2022-01-19 17:06:47:647 error: "jwt malformed"
2022-01-19 17:06:47:647 error: "jwt malformed"
2022-01-19 17:06:47:647 error: "jwt malformed"
2022-01-19 17:06:47:647 error: "jwt malformed"
2022-01-19 17:06:47:647 error: "jwt malformed"
2022-01-19 17:06:47:647 error: "jwt malformed"
2022-01-19 17:06:47:647 error: "jwt malformed"
2022-01-19 17:06:47:647 error: "jwt malformed"
2022-01-19 17:06:47:647 error: "jwt malformed"
2022-01-19 17:06:47:647 error: "jwt malformed"
2022-01-19 17:06:47:647 error: "jwt malformed"
2022-01-19 17:07:07:77 http: {"method":"POST","params":{},"url":"/login","query":{},"body":"Forbidden","responseCode":403}
2022-01-19 17:09:05:95 info: "App is running on http://localhost:4000"
2022-01-19 17:09:05:95 info: "Postgres connected"
2022-01-19 17:09:18:918 http: {"method":"POST","params":{},"url":"/login","query":{},"body":"Forbidden","responseCode":403}
2022-01-19 17:10:09:109 info: "App is running on http://localhost:4000"
2022-01-19 17:10:10:1010 info: "Postgres connected"
2022-01-19 17:10:11:1011 http: {"method":"POST","params":{},"url":"/login","query":{},"body":"Forbidden","responseCode":403}
2022-01-19 17:11:08:118 info: "App is running on http://localhost:4000"
2022-01-19 17:11:08:118 info: "Postgres connected"
2022-01-19 17:11:32:1132 http: {"method":"POST","params":{},"url":"/boards","query":{},"body":{"title":"Autotest board","columns":[{"title":"Backlog","order":1,"id":"8dcf9d4b-0677-4154-8948-eb3b9935ef4c"},{"title":"Sprint","order":2,"id":"34c14f8d-f6b2-48c3-bd5d-f1d375a035f1"}],"id":"24017fc5-9bb5-4e5c-9b30-dc61299db748"},"responseCode":201}
2022-01-19 17:11:32:1132 http: {"method":"GET","params":{},"url":"/users","query":{},"body":[{"id":"8299d823-d6db-4d38-a90c-bfd88073bb7f","name":"Foo","login":"admin"},{"id":"eaac7e88-6fa6-42cd-bfac-640c56614348","name":"Foo","login":"admin"},{"id":"67bbeaca-032f-470b-9040-600906968216","name":"Foo","login":"admin"},{"id":"5d947616-59f4-4df4-a2a9-0908a9ee8314","name":"Foo","login":"admin"}],"responseCode":200}
2022-01-19 17:11:32:1132 http: {"method":"POST","params":{"boardId":"24017fc5-9bb5-4e5c-9b30-dc61299db748"},"url":"/boards/24017fc5-9bb5-4e5c-9b30-dc61299db748/tasks","query":{},"body":{"title":"Autotest task","order":0,"description":"Lorem ipsum","userId":null,"boardId":"24017fc5-9bb5-4e5c-9b30-dc61299db748","columnId":null,"id":"8340c5e9-96ac-4e44-bfb1-3606ff104503"},"responseCode":201}
2022-01-19 17:11:32:1132 http: {"method":"POST","params":{},"url":"/boards","query":{},"body":{"title":"Autotest board","columns":[{"title":"Backlog","order":1,"id":"e44e3209-bb48-4954-920c-779407da35be"},{"title":"Sprint","order":2,"id":"18573129-bd4f-43f9-a7f3-ee158a3aeb02"}],"id":"29da3035-afa0-4e00-89fe-7ec000ca3dab"},"responseCode":201}
2022-01-19 17:11:32:1132 http: {"method":"GET","params":{"boardId":"24017fc5-9bb5-4e5c-9b30-dc61299db748"},"url":"/boards/24017fc5-9bb5-4e5c-9b30-dc61299db748/tasks","query":{},"body":[{"id":"8340c5e9-96ac-4e44-bfb1-3606ff104503","title":"Autotest task","order":0,"description":"Lorem ipsum","userId":null,"boardId":"24017fc5-9bb5-4e5c-9b30-dc61299db748","columnId":null}],"responseCode":200}
2022-01-19 17:11:32:1132 http: {"method":"GET","params":{},"url":"/boards","query":{},"body":[{"id":"24017fc5-9bb5-4e5c-9b30-dc61299db748","title":"Autotest board","columns":[{"id":"8dcf9d4b-0677-4154-8948-eb3b9935ef4c","title":"Backlog","order":1},{"id":"34c14f8d-f6b2-48c3-bd5d-f1d375a035f1","title":"Sprint","order":2}]},{"id":"29da3035-afa0-4e00-89fe-7ec000ca3dab","title":"Autotest board","columns":[{"id":"e44e3209-bb48-4954-920c-779407da35be","title":"Backlog","order":1},{"id":"18573129-bd4f-43f9-a7f3-ee158a3aeb02","title":"Sprint","order":2}]}],"responseCode":200}
2022-01-19 17:11:32:1132 http: {"method":"GET","params":{"boardId":"24017fc5-9bb5-4e5c-9b30-dc61299db748"},"url":"/boards/24017fc5-9bb5-4e5c-9b30-dc61299db748/tasks","query":{},"body":[{"id":"8340c5e9-96ac-4e44-bfb1-3606ff104503","title":"Autotest task","order":0,"description":"Lorem ipsum","userId":null,"boardId":"24017fc5-9bb5-4e5c-9b30-dc61299db748","columnId":null}],"responseCode":200}
2022-01-19 17:11:32:1132 http: {"method":"GET","params":{"boardId":"24017fc5-9bb5-4e5c-9b30-dc61299db748","taskId":"8340c5e9-96ac-4e44-bfb1-3606ff104503"},"url":"/boards/24017fc5-9bb5-4e5c-9b30-dc61299db748/tasks/8340c5e9-96ac-4e44-bfb1-3606ff104503","query":{},"body":{"id":"8340c5e9-96ac-4e44-bfb1-3606ff104503","title":"Autotest task","order":0,"description":"Lorem ipsum","userId":null,"boardId":"24017fc5-9bb5-4e5c-9b30-dc61299db748","columnId":null},"responseCode":200}
2022-01-19 17:11:32:1132 http: {"method":"GET","params":{},"url":"/boards","query":{},"body":[{"id":"24017fc5-9bb5-4e5c-9b30-dc61299db748","title":"Autotest board","columns":[{"id":"8dcf9d4b-0677-4154-8948-eb3b9935ef4c","title":"Backlog","order":1},{"id":"34c14f8d-f6b2-48c3-bd5d-f1d375a035f1","title":"Sprint","order":2}]},{"id":"29da3035-afa0-4e00-89fe-7ec000ca3dab","title":"Autotest board","columns":[{"id":"e44e3209-bb48-4954-920c-779407da35be","title":"Backlog","order":1},{"id":"18573129-bd4f-43f9-a7f3-ee158a3aeb02","title":"Sprint","order":2}]}],"responseCode":200}
2022-01-19 17:11:32:1132 http: {"method":"POST","params":{"boardId":"24017fc5-9bb5-4e5c-9b30-dc61299db748"},"url":"/boards/24017fc5-9bb5-4e5c-9b30-dc61299db748/tasks","query":{},"body":{"title":"Autotest task","order":0,"description":"Lorem ipsum","userId":null,"boardId":"24017fc5-9bb5-4e5c-9b30-dc61299db748","columnId":null,"id":"babf846c-960f-4881-b448-6cb8dcd2883b"},"responseCode":201}
2022-01-19 17:11:32:1132 http: {"method":"POST","params":{},"url":"/users","query":{},"body":{"id":"d80e75d6-d03d-4b80-a00f-8bf7de298b74","name":"TEST_USER","login":"test_user"},"responseCode":201}
2022-01-19 17:11:32:1132 http: {"method":"POST","params":{},"url":"/boards","query":{},"body":{"title":"Autotest board","columns":[{"title":"Backlog","order":1,"id":"0e9b1dd3-73c0-4cc3-9e19-ef74929a8456"},{"title":"Sprint","order":2,"id":"9d5601cd-0f0e-4ae3-aa42-13412c3f4217"}],"id":"689fdacb-ccb7-4b81-9932-33dbecd1085c"},"responseCode":201}
2022-01-19 17:11:32:1132 http: {"method":"POST","params":{"boardId":"24017fc5-9bb5-4e5c-9b30-dc61299db748"},"url":"/boards/24017fc5-9bb5-4e5c-9b30-dc61299db748/tasks","query":{},"body":{"title":"Autotest task","order":0,"description":"Lorem ipsum","userId":null,"boardId":"24017fc5-9bb5-4e5c-9b30-dc61299db748","columnId":null,"id":"6fba5380-418e-457a-a4b5-053b366777a0"},"responseCode":201}
2022-01-19 17:11:32:1132 http: {"method":"GET","params":{"boardId":"24017fc5-9bb5-4e5c-9b30-dc61299db748","taskId":"6fba5380-418e-457a-a4b5-053b366777a0"},"url":"/boards/24017fc5-9bb5-4e5c-9b30-dc61299db748/tasks/6fba5380-418e-457a-a4b5-053b366777a0","query":{},"body":{"id":"6fba5380-418e-457a-a4b5-053b366777a0","title":"Autotest updated task","order":0,"description":"Lorem ipsum","userId":null,"boardId":"24017fc5-9bb5-4e5c-9b30-dc61299db748","columnId":null},"responseCode":200}
2022-01-19 17:11:32:1132 http: {"method":"GET","params":{"boardId":"24017fc5-9bb5-4e5c-9b30-dc61299db748","taskId":"8340c5e9-96ac-4e44-bfb1-3606ff104503"},"url":"/boards/24017fc5-9bb5-4e5c-9b30-dc61299db748/tasks/8340c5e9-96ac-4e44-bfb1-3606ff104503","query":{},"body":{"id":"8340c5e9-96ac-4e44-bfb1-3606ff104503","title":"Autotest task","order":0,"description":"Lorem ipsum","userId":null,"boardId":"24017fc5-9bb5-4e5c-9b30-dc61299db748","columnId":null},"responseCode":200}
2022-01-19 17:11:32:1132 http: {"method":"POST","params":{},"url":"/boards","query":{},"body":{"title":"Autotest board","columns":[{"title":"Backlog","order":1,"id":"bc15b527-0314-41cd-84b0-444cd7837b1c"},{"title":"Sprint","order":2,"id":"a8f70935-430f-44fd-a199-675074b00f90"}],"id":"08953ac2-f2ee-49f6-8985-a110b664ca09"},"responseCode":201}
2022-01-19 17:11:32:1132 http: {"method":"POST","params":{},"url":"/boards","query":{},"body":{"title":"Autotest board","columns":[{"title":"Backlog","order":1,"id":"86fca21e-dc15-4326-9059-ba2a2def98a8"},{"title":"Sprint","order":2,"id":"6ed65941-f857-4317-b843-82aef712b216"}],"id":"882c9e9a-91d6-4d81-80a3-a3a8178f6a99"},"responseCode":201}
2022-01-19 17:11:32:1132 http: {"method":"POST","params":{},"url":"/users","query":{},"body":{"id":"91fa0ebf-047b-42a3-ac76-a8ada8f996e2","name":"TEST_USER","login":"test_user"},"responseCode":201}
2022-01-19 17:11:32:1132 http: {"method":"GET","params":{"id":"882c9e9a-91d6-4d81-80a3-a3a8178f6a99"},"url":"/boards/882c9e9a-91d6-4d81-80a3-a3a8178f6a99","query":{},"responseCode":404}
2022-01-19 17:11:33:1133 http: {"method":"POST","params":{},"url":"/boards","query":{},"body":{"title":"Autotest board","columns":[{"title":"Backlog","order":1,"id":"eda68a43-c1b8-4eee-9fd6-bd66c39e81ae"},{"title":"Sprint","order":2,"id":"c752c749-666b-466f-9b1a-24c047e16c49"}],"id":"73c23927-897f-41b3-b066-8e693636526d"},"responseCode":201}
2022-01-19 17:11:33:1133 http: {"method":"POST","params":{"boardId":"73c23927-897f-41b3-b066-8e693636526d"},"url":"/boards/73c23927-897f-41b3-b066-8e693636526d/tasks","query":{},"body":{"title":"Task #1","order":1,"description":"Lorem ipsum","boardId":"73c23927-897f-41b3-b066-8e693636526d","userId":null,"columnId":null,"id":"8754c7eb-9c13-424c-98a4-4cb940be4e84"},"responseCode":201}
2022-01-19 17:11:33:1133 http: {"method":"POST","params":{"boardId":"73c23927-897f-41b3-b066-8e693636526d"},"url":"/boards/73c23927-897f-41b3-b066-8e693636526d/tasks","query":{},"body":{"title":"Task #2","order":2,"description":"Lorem ipsum","boardId":"73c23927-897f-41b3-b066-8e693636526d","userId":null,"columnId":null,"id":"80540bed-2ce9-4f73-bc13-493c5c2387dc"},"responseCode":201}
2022-01-19 17:11:33:1133 http: {"method":"POST","params":{"boardId":"73c23927-897f-41b3-b066-8e693636526d"},"url":"/boards/73c23927-897f-41b3-b066-8e693636526d/tasks","query":{},"body":{"title":"Task #3","order":3,"description":"Lorem ipsum","boardId":"73c23927-897f-41b3-b066-8e693636526d","userId":null,"columnId":null,"id":"7b38275e-ee2e-463a-acea-c106bdc12dd7"},"responseCode":201}
2022-01-19 17:11:33:1133 http: {"method":"POST","params":{},"url":"/users","query":{},"body":{"id":"35f33807-74da-4305-9a9c-9c21113e28ed","name":"TEST_USER","login":"test_user"},"responseCode":201}
2022-01-19 17:11:33:1133 http: {"method":"POST","params":{"boardId":"73c23927-897f-41b3-b066-8e693636526d"},"url":"/boards/73c23927-897f-41b3-b066-8e693636526d/tasks","query":{},"body":{"title":"Task #4","order":4,"description":"Lorem ipsum","boardId":"73c23927-897f-41b3-b066-8e693636526d","userId":null,"columnId":null,"id":"a928f2a2-c5a5-4474-bc9f-c5f445374fc7"},"responseCode":201}
2022-01-19 17:11:33:1133 http: {"method":"POST","params":{"boardId":"73c23927-897f-41b3-b066-8e693636526d"},"url":"/boards/73c23927-897f-41b3-b066-8e693636526d/tasks","query":{},"body":{"title":"Task #5","order":5,"description":"Lorem ipsum","boardId":"73c23927-897f-41b3-b066-8e693636526d","userId":null,"columnId":null,"id":"c595b0dd-189f-4d70-8314-cab831df3da7"},"responseCode":201}
2022-01-19 17:11:33:1133 http: {"method":"GET","params":{"boardId":"73c23927-897f-41b3-b066-8e693636526d","taskId":"8754c7eb-9c13-424c-98a4-4cb940be4e84"},"url":"/boards/73c23927-897f-41b3-b066-8e693636526d/tasks/8754c7eb-9c13-424c-98a4-4cb940be4e84","query":{},"body":{"id":"8754c7eb-9c13-424c-98a4-4cb940be4e84","title":"Task #1","order":1,"description":"Lorem ipsum","userId":null,"boardId":"73c23927-897f-41b3-b066-8e693636526d","columnId":null},"responseCode":200}
2022-01-19 17:11:33:1133 http: {"method":"GET","params":{"boardId":"73c23927-897f-41b3-b066-8e693636526d","taskId":"80540bed-2ce9-4f73-bc13-493c5c2387dc"},"url":"/boards/73c23927-897f-41b3-b066-8e693636526d/tasks/80540bed-2ce9-4f73-bc13-493c5c2387dc","query":{},"body":{"id":"80540bed-2ce9-4f73-bc13-493c5c2387dc","title":"Task #2","order":2,"description":"Lorem ipsum","userId":null,"boardId":"73c23927-897f-41b3-b066-8e693636526d","columnId":null},"responseCode":200}
2022-01-19 17:11:33:1133 http: {"method":"GET","params":{"boardId":"73c23927-897f-41b3-b066-8e693636526d","taskId":"7b38275e-ee2e-463a-acea-c106bdc12dd7"},"url":"/boards/73c23927-897f-41b3-b066-8e693636526d/tasks/7b38275e-ee2e-463a-acea-c106bdc12dd7","query":{},"body":{"id":"7b38275e-ee2e-463a-acea-c106bdc12dd7","title":"Task #3","order":3,"description":"Lorem ipsum","userId":null,"boardId":"73c23927-897f-41b3-b066-8e693636526d","columnId":null},"responseCode":200}
2022-01-19 17:11:33:1133 http: {"method":"GET","params":{"boardId":"73c23927-897f-41b3-b066-8e693636526d","taskId":"a928f2a2-c5a5-4474-bc9f-c5f445374fc7"},"url":"/boards/73c23927-897f-41b3-b066-8e693636526d/tasks/a928f2a2-c5a5-4474-bc9f-c5f445374fc7","query":{},"body":{"id":"a928f2a2-c5a5-4474-bc9f-c5f445374fc7","title":"Task #4","order":4,"description":"Lorem ipsum","userId":null,"boardId":"73c23927-897f-41b3-b066-8e693636526d","columnId":null},"responseCode":200}
2022-01-19 17:11:33:1133 http: {"method":"GET","params":{"boardId":"73c23927-897f-41b3-b066-8e693636526d","taskId":"c595b0dd-189f-4d70-8314-cab831df3da7"},"url":"/boards/73c23927-897f-41b3-b066-8e693636526d/tasks/c595b0dd-189f-4d70-8314-cab831df3da7","query":{},"body":{"id":"c595b0dd-189f-4d70-8314-cab831df3da7","title":"Task #5","order":5,"description":"Lorem ipsum","userId":null,"boardId":"73c23927-897f-41b3-b066-8e693636526d","columnId":null},"responseCode":200}
2022-01-19 17:11:33:1133 http: {"method":"POST","params":{},"url":"/users","query":{},"body":{"id":"2a79f68e-ad68-4f0b-9b48-3ac11d27405d","name":"TEST_USER","login":"test_user"},"responseCode":201}
2022-01-19 17:11:33:1133 http: {"method":"POST","params":{},"url":"/users","query":{},"body":{"id":"75eb2f20-8713-4b4e-9ac7-d4e11876adb9","name":"TEST_USER","login":"test_user"},"responseCode":201}
2022-01-19 17:11:33:1133 http: {"method":"POST","params":{},"url":"/boards","query":{},"body":{"title":"Autotest board","columns":[{"title":"Backlog","order":1,"id":"a4fd5ca0-e0dd-4ddd-b1bd-63910b150682"},{"title":"Sprint","order":2,"id":"e410812b-0f85-41d6-8afe-3d26bfd62ca0"}],"id":"003cc2a1-d0a5-470f-8342-976ca3cc832c"},"responseCode":201}
2022-01-19 17:11:33:1133 http: {"method":"POST","params":{"boardId":"003cc2a1-d0a5-470f-8342-976ca3cc832c"},"url":"/boards/003cc2a1-d0a5-470f-8342-976ca3cc832c/tasks","query":{},"body":{"title":"Task #1","order":1,"description":"Lorem ipsum","userId":"75eb2f20-8713-4b4e-9ac7-d4e11876adb9","boardId":"003cc2a1-d0a5-470f-8342-976ca3cc832c","columnId":null,"id":"8adefaf6-0057-4cd4-a3d1-fb821caafc7d"},"responseCode":201}
2022-01-19 17:11:33:1133 http: {"method":"POST","params":{"boardId":"003cc2a1-d0a5-470f-8342-976ca3cc832c"},"url":"/boards/003cc2a1-d0a5-470f-8342-976ca3cc832c/tasks","query":{},"body":{"title":"Task #2","order":2,"description":"Lorem ipsum","userId":"75eb2f20-8713-4b4e-9ac7-d4e11876adb9","boardId":"003cc2a1-d0a5-470f-8342-976ca3cc832c","columnId":null,"id":"e6b0e7e7-c151-4bdf-8c81-e60e12c01ab5"},"responseCode":201}
2022-01-19 17:11:33:1133 http: {"method":"GET","params":{"boardId":"003cc2a1-d0a5-470f-8342-976ca3cc832c","taskId":"8adefaf6-0057-4cd4-a3d1-fb821caafc7d"},"url":"/boards/003cc2a1-d0a5-470f-8342-976ca3cc832c/tasks/8adefaf6-0057-4cd4-a3d1-fb821caafc7d","query":{},"body":{"id":"8adefaf6-0057-4cd4-a3d1-fb821caafc7d","title":"Task #1","order":1,"description":"Lorem ipsum","userId":null,"boardId":"003cc2a1-d0a5-470f-8342-976ca3cc832c","columnId":null},"responseCode":200}
2022-01-19 17:11:33:1133 http: {"method":"GET","params":{"boardId":"003cc2a1-d0a5-470f-8342-976ca3cc832c","taskId":"e6b0e7e7-c151-4bdf-8c81-e60e12c01ab5"},"url":"/boards/003cc2a1-d0a5-470f-8342-976ca3cc832c/tasks/e6b0e7e7-c151-4bdf-8c81-e60e12c01ab5","query":{},"body":{"id":"e6b0e7e7-c151-4bdf-8c81-e60e12c01ab5","title":"Task #2","order":2,"description":"Lorem ipsum","userId":null,"boardId":"003cc2a1-d0a5-470f-8342-976ca3cc832c","columnId":null},"responseCode":200}
2022-01-19 17:11:41:1141 http: {"method":"POST","params":{},"url":"/boards","query":{},"body":{"title":"Autotest board","columns":[{"title":"Backlog","order":1,"id":"c70681b3-225c-4ce2-a428-30060c5fc399"},{"title":"Sprint","order":2,"id":"a4d26058-adde-45f8-8a23-84176656e4a2"}],"id":"9d4cd2d7-ba5d-4fc8-9eaa-b9e514f51b5e"},"responseCode":201}
2022-01-19 17:11:41:1141 http: {"method":"POST","params":{},"url":"/boards","query":{},"body":{"title":"Autotest board","columns":[{"title":"Backlog","order":1,"id":"b58637c5-46ff-44cd-92e4-64f22cd52eaf"},{"title":"Sprint","order":2,"id":"6d1929fb-f555-4b62-8526-bd30d092df87"}],"id":"7da8ab9f-585e-4d80-a3bb-1eaaba831b51"},"responseCode":201}
2022-01-19 17:11:41:1141 http: {"method":"GET","params":{},"url":"/boards","query":{},"body":[{"id":"9d4cd2d7-ba5d-4fc8-9eaa-b9e514f51b5e","title":"Autotest board","columns":[{"id":"c70681b3-225c-4ce2-a428-30060c5fc399","title":"Backlog","order":1},{"id":"a4d26058-adde-45f8-8a23-84176656e4a2","title":"Sprint","order":2}]},{"id":"7da8ab9f-585e-4d80-a3bb-1eaaba831b51","title":"Autotest board","columns":[{"id":"b58637c5-46ff-44cd-92e4-64f22cd52eaf","title":"Backlog","order":1},{"id":"6d1929fb-f555-4b62-8526-bd30d092df87","title":"Sprint","order":2}]}],"responseCode":200}
2022-01-19 17:11:41:1141 http: {"method":"GET","params":{},"url":"/users","query":{},"body":[{"id":"8299d823-d6db-4d38-a90c-bfd88073bb7f","name":"Foo","login":"admin"},{"id":"eaac7e88-6fa6-42cd-bfac-640c56614348","name":"Foo","login":"admin"},{"id":"67bbeaca-032f-470b-9040-600906968216","name":"Foo","login":"admin"},{"id":"5d947616-59f4-4df4-a2a9-0908a9ee8314","name":"Foo","login":"admin"}],"responseCode":200}
2022-01-19 17:11:41:1141 http: {"method":"POST","params":{"boardId":"7da8ab9f-585e-4d80-a3bb-1eaaba831b51"},"url":"/boards/7da8ab9f-585e-4d80-a3bb-1eaaba831b51/tasks","query":{},"body":{"title":"Autotest task","order":0,"description":"Lorem ipsum","userId":null,"boardId":"7da8ab9f-585e-4d80-a3bb-1eaaba831b51","columnId":null,"id":"eb3181f0-ec5f-4d19-bc48-75fd2eba82ff"},"responseCode":201}
2022-01-19 17:11:41:1141 http: {"method":"GET","params":{},"url":"/boards","query":{},"body":[{"id":"9d4cd2d7-ba5d-4fc8-9eaa-b9e514f51b5e","title":"Autotest board","columns":[{"id":"c70681b3-225c-4ce2-a428-30060c5fc399","title":"Backlog","order":1},{"id":"a4d26058-adde-45f8-8a23-84176656e4a2","title":"Sprint","order":2}]},{"id":"7da8ab9f-585e-4d80-a3bb-1eaaba831b51","title":"Autotest board","columns":[{"id":"b58637c5-46ff-44cd-92e4-64f22cd52eaf","title":"Backlog","order":1},{"id":"6d1929fb-f555-4b62-8526-bd30d092df87","title":"Sprint","order":2}]}],"responseCode":200}
2022-01-19 17:11:41:1141 http: {"method":"GET","params":{"boardId":"7da8ab9f-585e-4d80-a3bb-1eaaba831b51"},"url":"/boards/7da8ab9f-585e-4d80-a3bb-1eaaba831b51/tasks","query":{},"body":[{"id":"eb3181f0-ec5f-4d19-bc48-75fd2eba82ff","title":"Autotest task","order":0,"description":"Lorem ipsum","userId":null,"boardId":"7da8ab9f-585e-4d80-a3bb-1eaaba831b51","columnId":null}],"responseCode":200}
2022-01-19 17:11:41:1141 http: {"method":"GET","params":{"boardId":"7da8ab9f-585e-4d80-a3bb-1eaaba831b51"},"url":"/boards/7da8ab9f-585e-4d80-a3bb-1eaaba831b51/tasks","query":{},"body":[{"id":"eb3181f0-ec5f-4d19-bc48-75fd2eba82ff","title":"Autotest task","order":0,"description":"Lorem ipsum","userId":null,"boardId":"7da8ab9f-585e-4d80-a3bb-1eaaba831b51","columnId":null}],"responseCode":200}
2022-01-19 17:11:41:1141 http: {"method":"POST","params":{},"url":"/boards","query":{},"body":{"title":"Autotest board","columns":[{"title":"Backlog","order":1,"id":"1234afa8-16f1-4168-a529-449676765fba"},{"title":"Sprint","order":2,"id":"5289e22b-a7b9-43e8-8d47-3ed4bb573c01"}],"id":"e26dd9ed-a003-4421-beec-923864aab9b8"},"responseCode":201}
2022-01-19 17:11:41:1141 http: {"method":"GET","params":{"boardId":"7da8ab9f-585e-4d80-a3bb-1eaaba831b51","taskId":"eb3181f0-ec5f-4d19-bc48-75fd2eba82ff"},"url":"/boards/7da8ab9f-585e-4d80-a3bb-1eaaba831b51/tasks/eb3181f0-ec5f-4d19-bc48-75fd2eba82ff","query":{},"body":{"id":"eb3181f0-ec5f-4d19-bc48-75fd2eba82ff","title":"Autotest task","order":0,"description":"Lorem ipsum","userId":null,"boardId":"7da8ab9f-585e-4d80-a3bb-1eaaba831b51","columnId":null},"responseCode":200}
2022-01-19 17:11:41:1141 http: {"method":"POST","params":{"boardId":"7da8ab9f-585e-4d80-a3bb-1eaaba831b51"},"url":"/boards/7da8ab9f-585e-4d80-a3bb-1eaaba831b51/tasks","query":{},"body":{"title":"Autotest task","order":0,"description":"Lorem ipsum","userId":null,"boardId":"7da8ab9f-585e-4d80-a3bb-1eaaba831b51","columnId":null,"id":"84778a5d-7994-47a7-a4e2-eb68a275eda2"},"responseCode":201}
2022-01-19 17:11:41:1141 http: {"method":"POST","params":{},"url":"/boards","query":{},"body":{"title":"Autotest board","columns":[{"title":"Backlog","order":1,"id":"9a51b10d-abf0-42ee-a1b5-643f52f5eec3"},{"title":"Sprint","order":2,"id":"6b766101-f6e2-42ff-8d9d-b6563ace5a44"}],"id":"f2525304-dbc6-4795-80e5-ebdd1d054e31"},"responseCode":201}
2022-01-19 17:11:41:1141 http: {"method":"POST","params":{"boardId":"7da8ab9f-585e-4d80-a3bb-1eaaba831b51"},"url":"/boards/7da8ab9f-585e-4d80-a3bb-1eaaba831b51/tasks","query":{},"body":{"title":"Autotest task","order":0,"description":"Lorem ipsum","userId":null,"boardId":"7da8ab9f-585e-4d80-a3bb-1eaaba831b51","columnId":null,"id":"54ff2a54-eb26-4e07-8e1c-26a199e5bf33"},"responseCode":201}
2022-01-19 17:11:41:1141 http: {"method":"POST","params":{},"url":"/users","query":{},"body":{"id":"af2e52d8-27eb-422a-972a-dd8df952d00c","name":"TEST_USER","login":"test_user"},"responseCode":201}
2022-01-19 17:11:41:1141 http: {"method":"GET","params":{"boardId":"7da8ab9f-585e-4d80-a3bb-1eaaba831b51","taskId":"54ff2a54-eb26-4e07-8e1c-26a199e5bf33"},"url":"/boards/7da8ab9f-585e-4d80-a3bb-1eaaba831b51/tasks/54ff2a54-eb26-4e07-8e1c-26a199e5bf33","query":{},"body":{"id":"54ff2a54-eb26-4e07-8e1c-26a199e5bf33","title":"Autotest updated task","order":0,"description":"Lorem ipsum","userId":null,"boardId":"7da8ab9f-585e-4d80-a3bb-1eaaba831b51","columnId":null},"responseCode":200}
2022-01-19 17:11:41:1141 http: {"method":"GET","params":{"boardId":"7da8ab9f-585e-4d80-a3bb-1eaaba831b51","taskId":"eb3181f0-ec5f-4d19-bc48-75fd2eba82ff"},"url":"/boards/7da8ab9f-585e-4d80-a3bb-1eaaba831b51/tasks/eb3181f0-ec5f-4d19-bc48-75fd2eba82ff","query":{},"body":{"id":"eb3181f0-ec5f-4d19-bc48-75fd2eba82ff","title":"Autotest task","order":0,"description":"Lorem ipsum","userId":null,"boardId":"7da8ab9f-585e-4d80-a3bb-1eaaba831b51","columnId":null},"responseCode":200}
2022-01-19 17:11:41:1141 http: {"method":"POST","params":{},"url":"/boards","query":{},"body":{"title":"Autotest board","columns":[{"title":"Backlog","order":1,"id":"403adb58-5cb5-4715-883d-213a1244d2ab"},{"title":"Sprint","order":2,"id":"47629167-0cac-4525-ad8b-439597dccfca"}],"id":"a38413c0-3bb2-48a1-9177-fe585091dbd2"},"responseCode":201}
2022-01-19 17:11:41:1141 http: {"method":"GET","params":{"id":"a38413c0-3bb2-48a1-9177-fe585091dbd2"},"url":"/boards/a38413c0-3bb2-48a1-9177-fe585091dbd2","query":{},"responseCode":404}
2022-01-19 17:11:41:1141 http: {"method":"POST","params":{},"url":"/boards","query":{},"body":{"title":"Autotest board","columns":[{"title":"Backlog","order":1,"id":"9784f154-e551-43dd-abda-0fa94c86aee2"},{"title":"Sprint","order":2,"id":"ac946b18-5362-450c-a774-5f79a86ea775"}],"id":"a80fe9f0-fc53-477e-a607-251a1f528b04"},"responseCode":201}
2022-01-19 17:11:41:1141 http: {"method":"POST","params":{"boardId":"a80fe9f0-fc53-477e-a607-251a1f528b04"},"url":"/boards/a80fe9f0-fc53-477e-a607-251a1f528b04/tasks","query":{},"body":{"title":"Task #1","order":1,"description":"Lorem ipsum","boardId":"a80fe9f0-fc53-477e-a607-251a1f528b04","userId":null,"columnId":null,"id":"7be1d90e-8427-491a-87a8-96d040b38592"},"responseCode":201}
2022-01-19 17:11:41:1141 http: {"method":"POST","params":{"boardId":"a80fe9f0-fc53-477e-a607-251a1f528b04"},"url":"/boards/a80fe9f0-fc53-477e-a607-251a1f528b04/tasks","query":{},"body":{"title":"Task #2","order":2,"description":"Lorem ipsum","boardId":"a80fe9f0-fc53-477e-a607-251a1f528b04","userId":null,"columnId":null,"id":"14cf03c0-8a1a-4b9a-839b-15741513ea65"},"responseCode":201}
2022-01-19 17:11:41:1141 http: {"method":"POST","params":{"boardId":"a80fe9f0-fc53-477e-a607-251a1f528b04"},"url":"/boards/a80fe9f0-fc53-477e-a607-251a1f528b04/tasks","query":{},"body":{"title":"Task #3","order":3,"description":"Lorem ipsum","boardId":"a80fe9f0-fc53-477e-a607-251a1f528b04","userId":null,"columnId":null,"id":"3fbb4657-9d29-4aa7-a3cf-2f493805d96f"},"responseCode":201}
2022-01-19 17:11:41:1141 http: {"method":"POST","params":{"boardId":"a80fe9f0-fc53-477e-a607-251a1f528b04"},"url":"/boards/a80fe9f0-fc53-477e-a607-251a1f528b04/tasks","query":{},"body":{"title":"Task #4","order":4,"description":"Lorem ipsum","boardId":"a80fe9f0-fc53-477e-a607-251a1f528b04","userId":null,"columnId":null,"id":"d3f03757-1a28-4996-925f-80ea7468f4de"},"responseCode":201}
2022-01-19 17:11:41:1141 http: {"method":"POST","params":{"boardId":"a80fe9f0-fc53-477e-a607-251a1f528b04"},"url":"/boards/a80fe9f0-fc53-477e-a607-251a1f528b04/tasks","query":{},"body":{"title":"Task #5","order":5,"description":"Lorem ipsum","boardId":"a80fe9f0-fc53-477e-a607-251a1f528b04","userId":null,"columnId":null,"id":"0ab1042c-e12d-4669-9e4c-3ed63bdf63d8"},"responseCode":201}
2022-01-19 17:11:41:1141 http: {"method":"GET","params":{"boardId":"a80fe9f0-fc53-477e-a607-251a1f528b04","taskId":"7be1d90e-8427-491a-87a8-96d040b38592"},"url":"/boards/a80fe9f0-fc53-477e-a607-251a1f528b04/tasks/7be1d90e-8427-491a-87a8-96d040b38592","query":{},"body":{"id":"7be1d90e-8427-491a-87a8-96d040b38592","title":"Task #1","order":1,"description":"Lorem ipsum","userId":null,"boardId":"a80fe9f0-fc53-477e-a607-251a1f528b04","columnId":null},"responseCode":200}
2022-01-19 17:11:41:1141 http: {"method":"GET","params":{"boardId":"a80fe9f0-fc53-477e-a607-251a1f528b04","taskId":"14cf03c0-8a1a-4b9a-839b-15741513ea65"},"url":"/boards/a80fe9f0-fc53-477e-a607-251a1f528b04/tasks/14cf03c0-8a1a-4b9a-839b-15741513ea65","query":{},"body":{"id":"14cf03c0-8a1a-4b9a-839b-15741513ea65","title":"Task #2","order":2,"description":"Lorem ipsum","userId":null,"boardId":"a80fe9f0-fc53-477e-a607-251a1f528b04","columnId":null},"responseCode":200}
2022-01-19 17:11:41:1141 http: {"method":"GET","params":{"boardId":"a80fe9f0-fc53-477e-a607-251a1f528b04","taskId":"3fbb4657-9d29-4aa7-a3cf-2f493805d96f"},"url":"/boards/a80fe9f0-fc53-477e-a607-251a1f528b04/tasks/3fbb4657-9d29-4aa7-a3cf-2f493805d96f","query":{},"body":{"id":"3fbb4657-9d29-4aa7-a3cf-2f493805d96f","title":"Task #3","order":3,"description":"Lorem ipsum","userId":null,"boardId":"a80fe9f0-fc53-477e-a607-251a1f528b04","columnId":null},"responseCode":200}
2022-01-19 17:11:41:1141 http: {"method":"GET","params":{"boardId":"a80fe9f0-fc53-477e-a607-251a1f528b04","taskId":"d3f03757-1a28-4996-925f-80ea7468f4de"},"url":"/boards/a80fe9f0-fc53-477e-a607-251a1f528b04/tasks/d3f03757-1a28-4996-925f-80ea7468f4de","query":{},"body":{"id":"d3f03757-1a28-4996-925f-80ea7468f4de","title":"Task #4","order":4,"description":"Lorem ipsum","userId":null,"boardId":"a80fe9f0-fc53-477e-a607-251a1f528b04","columnId":null},"responseCode":200}
2022-01-19 17:11:41:1141 http: {"method":"GET","params":{"boardId":"a80fe9f0-fc53-477e-a607-251a1f528b04","taskId":"0ab1042c-e12d-4669-9e4c-3ed63bdf63d8"},"url":"/boards/a80fe9f0-fc53-477e-a607-251a1f528b04/tasks/0ab1042c-e12d-4669-9e4c-3ed63bdf63d8","query":{},"body":{"id":"0ab1042c-e12d-4669-9e4c-3ed63bdf63d8","title":"Task #5","order":5,"description":"Lorem ipsum","userId":null,"boardId":"a80fe9f0-fc53-477e-a607-251a1f528b04","columnId":null},"responseCode":200}
2022-01-19 17:11:41:1141 http: {"method":"POST","params":{},"url":"/users","query":{},"body":{"id":"e66730e0-1e5d-48e2-8de8-f956f45e4cf9","name":"TEST_USER","login":"test_user"},"responseCode":201}
2022-01-19 17:11:41:1141 http: {"method":"POST","params":{},"url":"/users","query":{},"body":{"id":"c09c9f14-fa62-4895-8035-5c0dfff6fb93","name":"TEST_USER","login":"test_user"},"responseCode":201}
2022-01-19 17:11:41:1141 http: {"method":"POST","params":{},"url":"/users","query":{},"body":{"id":"30f7e08e-ce80-427d-bd8d-6412968be5a2","name":"TEST_USER","login":"test_user"},"responseCode":201}
2022-01-19 17:11:41:1141 http: {"method":"POST","params":{},"url":"/users","query":{},"body":{"id":"d50705a1-2479-4603-93bd-6ac9f95948d9","name":"TEST_USER","login":"test_user"},"responseCode":201}
2022-01-19 17:11:41:1141 http: {"method":"POST","params":{},"url":"/boards","query":{},"body":{"title":"Autotest board","columns":[{"title":"Backlog","order":1,"id":"fe592d25-c77d-49a3-8762-b9e4f37f5205"},{"title":"Sprint","order":2,"id":"be8e406d-3ebf-46a3-ac2b-444d770419e6"}],"id":"9e1668bc-ae39-4a06-adb7-7e2ad003129b"},"responseCode":201}
2022-01-19 17:11:41:1141 http: {"method":"POST","params":{"boardId":"9e1668bc-ae39-4a06-adb7-7e2ad003129b"},"url":"/boards/9e1668bc-ae39-4a06-adb7-7e2ad003129b/tasks","query":{},"body":{"title":"Task #1","order":1,"description":"Lorem ipsum","userId":"d50705a1-2479-4603-93bd-6ac9f95948d9","boardId":"9e1668bc-ae39-4a06-adb7-7e2ad003129b","columnId":null,"id":"2eae1643-d713-40a0-966a-4fc5a4cccf7c"},"responseCode":201}
2022-01-19 17:11:41:1141 http: {"method":"POST","params":{"boardId":"9e1668bc-ae39-4a06-adb7-7e2ad003129b"},"url":"/boards/9e1668bc-ae39-4a06-adb7-7e2ad003129b/tasks","query":{},"body":{"title":"Task #2","order":2,"description":"Lorem ipsum","userId":"d50705a1-2479-4603-93bd-6ac9f95948d9","boardId":"9e1668bc-ae39-4a06-adb7-7e2ad003129b","columnId":null,"id":"4bccf5b5-2f2d-4b2f-a8e9-0ea1a109b60e"},"responseCode":201}
2022-01-19 17:11:41:1141 http: {"method":"GET","params":{"boardId":"9e1668bc-ae39-4a06-adb7-7e2ad003129b","taskId":"2eae1643-d713-40a0-966a-4fc5a4cccf7c"},"url":"/boards/9e1668bc-ae39-4a06-adb7-7e2ad003129b/tasks/2eae1643-d713-40a0-966a-4fc5a4cccf7c","query":{},"body":{"id":"2eae1643-d713-40a0-966a-4fc5a4cccf7c","title":"Task #1","order":1,"description":"Lorem ipsum","userId":null,"boardId":"9e1668bc-ae39-4a06-adb7-7e2ad003129b","columnId":null},"responseCode":200}
2022-01-19 17:11:41:1141 http: {"method":"GET","params":{"boardId":"9e1668bc-ae39-4a06-adb7-7e2ad003129b","taskId":"4bccf5b5-2f2d-4b2f-a8e9-0ea1a109b60e"},"url":"/boards/9e1668bc-ae39-4a06-adb7-7e2ad003129b/tasks/4bccf5b5-2f2d-4b2f-a8e9-0ea1a109b60e","query":{},"body":{"id":"4bccf5b5-2f2d-4b2f-a8e9-0ea1a109b60e","title":"Task #2","order":2,"description":"Lorem ipsum","userId":null,"boardId":"9e1668bc-ae39-4a06-adb7-7e2ad003129b","columnId":null},"responseCode":200}
2022-01-19 17:13:10:1310 info: "App is running on http://localhost:4000"
2022-01-19 17:13:10:1310 info: "Postgres connected"
2022-01-19 17:13:35:1335 http: {"method":"POST","params":{},"url":"/login","query":{},"body":"Forbidden","responseCode":403}
2022-01-19 17:13:35:1335 http: {"method":"POST","params":{},"url":"/login","query":{},"body":"Forbidden","responseCode":403}
2022-01-19 17:13:35:1335 http: {"method":"POST","params":{},"url":"/login","query":{},"body":"Forbidden","responseCode":403}
2022-01-19 17:13:35:1335 error: "jwt malformed"
2022-01-19 17:13:35:1335 error: "jwt malformed"
2022-01-19 17:13:35:1335 error: "jwt malformed"
2022-01-19 17:13:35:1335 error: "jwt malformed"
2022-01-19 17:13:35:1335 error: "jwt malformed"
2022-01-19 17:13:35:1335 error: "jwt malformed"
2022-01-19 17:13:35:1335 error: "jwt malformed"
2022-01-19 17:13:35:1335 error: "jwt malformed"
2022-01-19 17:13:35:1335 error: "jwt malformed"
2022-01-19 17:13:35:1335 error: "jwt malformed"
2022-01-19 17:13:35:1335 error: "jwt malformed"
2022-01-19 17:13:35:1335 error: "jwt malformed"
2022-01-19 17:13:35:1335 error: "jwt malformed"
2022-01-19 17:13:35:1335 error: "jwt malformed"
2022-01-19 17:13:35:1335 error: "jwt malformed"
2022-01-19 17:13:35:1335 error: "jwt malformed"
2022-01-19 17:13:35:1335 error: "jwt malformed"
2022-01-19 17:13:35:1335 error: "jwt malformed"
2022-01-19 17:13:35:1335 error: "jwt malformed"
2022-01-19 17:13:35:1335 error: "jwt malformed"
2022-01-19 17:13:35:1335 error: "jwt malformed"
2022-01-19 17:13:35:1335 error: "jwt malformed"
2022-01-19 17:13:35:1335 error: "jwt malformed"
2022-01-19 17:13:35:1335 error: "jwt malformed"
2022-01-19 17:13:35:1335 error: "jwt malformed"
2022-01-19 17:13:35:1335 error: "jwt malformed"
2022-01-19 17:14:00:140 info: "App is running on http://localhost:4000"
2022-01-19 17:14:01:141 info: "Postgres connected"
2022-01-19 17:14:13:1413 http: {"method":"POST","params":{},"url":"/boards","query":{},"body":{"title":"Autotest board","columns":[{"title":"Backlog","order":1,"id":"58929692-eb7b-46ce-9065-7da6833edbc4"},{"title":"Sprint","order":2,"id":"4f12c207-d379-4817-a94b-19217e6a6f5f"}],"id":"d0dc0a27-f9d7-4af1-9f60-e7a7e9bc5e1b"},"responseCode":201}
2022-01-19 17:14:13:1413 http: {"method":"POST","params":{},"url":"/boards","query":{},"body":{"title":"Autotest board","columns":[{"title":"Backlog","order":1,"id":"ed02df7d-7983-46db-9da3-6fe1e90485ed"},{"title":"Sprint","order":2,"id":"cd385e40-8f12-4ee5-a96a-25d9f4e60032"}],"id":"69447277-9d28-40c2-93cf-69046033d8aa"},"responseCode":201}
2022-01-19 17:14:13:1413 http: {"method":"GET","params":{},"url":"/users","query":{},"body":[{"id":"8299d823-d6db-4d38-a90c-bfd88073bb7f","name":"Foo","login":"admin"},{"id":"eaac7e88-6fa6-42cd-bfac-640c56614348","name":"Foo","login":"admin"},{"id":"67bbeaca-032f-470b-9040-600906968216","name":"Foo","login":"admin"},{"id":"5d947616-59f4-4df4-a2a9-0908a9ee8314","name":"Foo","login":"admin"},{"id":"5e5ffb74-6678-4e4e-853e-644c36078424","name":"Foo","login":"admin"},{"id":"551e0217-ecaf-4d97-ad2b-c3d60266590b","name":"Foo","login":"admin"}],"responseCode":200}
2022-01-19 17:14:13:1413 http: {"method":"POST","params":{"boardId":"69447277-9d28-40c2-93cf-69046033d8aa"},"url":"/boards/69447277-9d28-40c2-93cf-69046033d8aa/tasks","query":{},"body":{"title":"Autotest task","order":0,"description":"Lorem ipsum","userId":null,"boardId":"69447277-9d28-40c2-93cf-69046033d8aa","columnId":null,"id":"34183a4c-9d13-430c-be6c-8bd1e99924d1"},"responseCode":201}
2022-01-19 17:14:13:1413 http: {"method":"GET","params":{},"url":"/boards","query":{},"body":[{"id":"d0dc0a27-f9d7-4af1-9f60-e7a7e9bc5e1b","title":"Autotest board","columns":[{"id":"58929692-eb7b-46ce-9065-7da6833edbc4","title":"Backlog","order":1},{"id":"4f12c207-d379-4817-a94b-19217e6a6f5f","title":"Sprint","order":2}]},{"id":"69447277-9d28-40c2-93cf-69046033d8aa","title":"Autotest board","columns":[{"id":"ed02df7d-7983-46db-9da3-6fe1e90485ed","title":"Backlog","order":1},{"id":"cd385e40-8f12-4ee5-a96a-25d9f4e60032","title":"Sprint","order":2}]}],"responseCode":200}
2022-01-19 17:14:13:1413 http: {"method":"GET","params":{"boardId":"69447277-9d28-40c2-93cf-69046033d8aa"},"url":"/boards/69447277-9d28-40c2-93cf-69046033d8aa/tasks","query":{},"body":[{"id":"34183a4c-9d13-430c-be6c-8bd1e99924d1","title":"Autotest task","order":0,"description":"Lorem ipsum","userId":null,"boardId":"69447277-9d28-40c2-93cf-69046033d8aa","columnId":null}],"responseCode":200}
2022-01-19 17:14:13:1413 http: {"method":"GET","params":{},"url":"/boards","query":{},"body":[{"id":"d0dc0a27-f9d7-4af1-9f60-e7a7e9bc5e1b","title":"Autotest board","columns":[{"id":"58929692-eb7b-46ce-9065-7da6833edbc4","title":"Backlog","order":1},{"id":"4f12c207-d379-4817-a94b-19217e6a6f5f","title":"Sprint","order":2}]},{"id":"69447277-9d28-40c2-93cf-69046033d8aa","title":"Autotest board","columns":[{"id":"ed02df7d-7983-46db-9da3-6fe1e90485ed","title":"Backlog","order":1},{"id":"cd385e40-8f12-4ee5-a96a-25d9f4e60032","title":"Sprint","order":2}]}],"responseCode":200}
2022-01-19 17:14:13:1413 http: {"method":"GET","params":{"boardId":"69447277-9d28-40c2-93cf-69046033d8aa"},"url":"/boards/69447277-9d28-40c2-93cf-69046033d8aa/tasks","query":{},"body":[{"id":"34183a4c-9d13-430c-be6c-8bd1e99924d1","title":"Autotest task","order":0,"description":"Lorem ipsum","userId":null,"boardId":"69447277-9d28-40c2-93cf-69046033d8aa","columnId":null}],"responseCode":200}
2022-01-19 17:14:13:1413 http: {"method":"GET","params":{"boardId":"69447277-9d28-40c2-93cf-69046033d8aa","taskId":"34183a4c-9d13-430c-be6c-8bd1e99924d1"},"url":"/boards/69447277-9d28-40c2-93cf-69046033d8aa/tasks/34183a4c-9d13-430c-be6c-8bd1e99924d1","query":{},"body":{"id":"34183a4c-9d13-430c-be6c-8bd1e99924d1","title":"Autotest task","order":0,"description":"Lorem ipsum","userId":null,"boardId":"69447277-9d28-40c2-93cf-69046033d8aa","columnId":null},"responseCode":200}
2022-01-19 17:14:13:1413 http: {"method":"POST","params":{},"url":"/boards","query":{},"body":{"title":"Autotest board","columns":[{"title":"Backlog","order":1,"id":"958e72f4-0c2b-44f2-a76d-96db975dda84"},{"title":"Sprint","order":2,"id":"941e363a-fc30-4f75-834d-d26dc250fe6e"}],"id":"3164985a-f957-443f-83e8-7f3893080b5a"},"responseCode":201}
2022-01-19 17:14:13:1413 http: {"method":"POST","params":{"boardId":"69447277-9d28-40c2-93cf-69046033d8aa"},"url":"/boards/69447277-9d28-40c2-93cf-69046033d8aa/tasks","query":{},"body":{"title":"Autotest task","order":0,"description":"Lorem ipsum","userId":null,"boardId":"69447277-9d28-40c2-93cf-69046033d8aa","columnId":null,"id":"93503403-39f9-4eed-880b-5fc53f40e62f"},"responseCode":201}
2022-01-19 17:14:13:1413 http: {"method":"POST","params":{},"url":"/users","query":{},"body":{"id":"7a9353e2-239a-44db-afd3-29ee5a974857","name":"TEST_USER","login":"test_user"},"responseCode":201}
2022-01-19 17:14:13:1413 http: {"method":"POST","params":{},"url":"/boards","query":{},"body":{"title":"Autotest board","columns":[{"title":"Backlog","order":1,"id":"459bfd76-4fd8-46bf-b152-f64d2983da93"},{"title":"Sprint","order":2,"id":"0fbacd1a-d820-4b54-8944-8487e6bd4f2f"}],"id":"f79befc8-006c-4894-8715-e45ea754e5bf"},"responseCode":201}
2022-01-19 17:14:13:1413 http: {"method":"POST","params":{"boardId":"69447277-9d28-40c2-93cf-69046033d8aa"},"url":"/boards/69447277-9d28-40c2-93cf-69046033d8aa/tasks","query":{},"body":{"title":"Autotest task","order":0,"description":"Lorem ipsum","userId":null,"boardId":"69447277-9d28-40c2-93cf-69046033d8aa","columnId":null,"id":"c8ca9f5d-030d-4007-85ac-aed43c2ff3b4"},"responseCode":201}
2022-01-19 17:14:13:1413 http: {"method":"GET","params":{"boardId":"69447277-9d28-40c2-93cf-69046033d8aa","taskId":"c8ca9f5d-030d-4007-85ac-aed43c2ff3b4"},"url":"/boards/69447277-9d28-40c2-93cf-69046033d8aa/tasks/c8ca9f5d-030d-4007-85ac-aed43c2ff3b4","query":{},"body":{"id":"c8ca9f5d-030d-4007-85ac-aed43c2ff3b4","title":"Autotest updated task","order":0,"description":"Lorem ipsum","userId":null,"boardId":"69447277-9d28-40c2-93cf-69046033d8aa","columnId":null},"responseCode":200}
2022-01-19 17:14:13:1413 http: {"method":"GET","params":{"boardId":"69447277-9d28-40c2-93cf-69046033d8aa","taskId":"34183a4c-9d13-430c-be6c-8bd1e99924d1"},"url":"/boards/69447277-9d28-40c2-93cf-69046033d8aa/tasks/34183a4c-9d13-430c-be6c-8bd1e99924d1","query":{},"body":{"id":"34183a4c-9d13-430c-be6c-8bd1e99924d1","title":"Autotest task","order":0,"description":"Lorem ipsum","userId":null,"boardId":"69447277-9d28-40c2-93cf-69046033d8aa","columnId":null},"responseCode":200}
2022-01-19 17:14:13:1413 http: {"method":"POST","params":{},"url":"/boards","query":{},"body":{"title":"Autotest board","columns":[{"title":"Backlog","order":1,"id":"d25e9d67-6819-4e5a-8afe-8aed4df2981b"},{"title":"Sprint","order":2,"id":"1f43e502-a538-4719-8baf-1a1a7ead9e6c"}],"id":"b4599c03-6f10-4e0b-9eb8-81b6166e174a"},"responseCode":201}
2022-01-19 17:14:13:1413 http: {"method":"GET","params":{"id":"b4599c03-6f10-4e0b-9eb8-81b6166e174a"},"url":"/boards/b4599c03-6f10-4e0b-9eb8-81b6166e174a","query":{},"responseCode":404}
2022-01-19 17:14:13:1413 http: {"method":"POST","params":{},"url":"/boards","query":{},"body":{"title":"Autotest board","columns":[{"title":"Backlog","order":1,"id":"3b534b03-29a8-4317-8ab1-b3165d81550a"},{"title":"Sprint","order":2,"id":"fafb503a-7994-4e02-a7ab-527d4855edd6"}],"id":"6fd1d8b5-6c36-4c9f-9f98-8a23e109b679"},"responseCode":201}
2022-01-19 17:14:13:1413 http: {"method":"POST","params":{},"url":"/users","query":{},"body":{"id":"9d64bbe4-d262-4e61-955e-a6c6cd8ca1da","name":"TEST_USER","login":"test_user"},"responseCode":201}
2022-01-19 17:14:13:1413 http: {"method":"POST","params":{"boardId":"6fd1d8b5-6c36-4c9f-9f98-8a23e109b679"},"url":"/boards/6fd1d8b5-6c36-4c9f-9f98-8a23e109b679/tasks","query":{},"body":{"title":"Task #3","order":3,"description":"Lorem ipsum","boardId":"6fd1d8b5-6c36-4c9f-9f98-8a23e109b679","userId":null,"columnId":null,"id":"78f917e6-82cf-49c9-9145-dc65fb9097a1"},"responseCode":201}
2022-01-19 17:14:13:1413 http: {"method":"POST","params":{"boardId":"6fd1d8b5-6c36-4c9f-9f98-8a23e109b679"},"url":"/boards/6fd1d8b5-6c36-4c9f-9f98-8a23e109b679/tasks","query":{},"body":{"title":"Task #1","order":1,"description":"Lorem ipsum","boardId":"6fd1d8b5-6c36-4c9f-9f98-8a23e109b679","userId":null,"columnId":null,"id":"73aac9ee-ee03-43a8-95c6-66591044c0d8"},"responseCode":201}
2022-01-19 17:14:13:1413 http: {"method":"POST","params":{"boardId":"6fd1d8b5-6c36-4c9f-9f98-8a23e109b679"},"url":"/boards/6fd1d8b5-6c36-4c9f-9f98-8a23e109b679/tasks","query":{},"body":{"title":"Task #2","order":2,"description":"Lorem ipsum","boardId":"6fd1d8b5-6c36-4c9f-9f98-8a23e109b679","userId":null,"columnId":null,"id":"f936564b-839f-4439-94fc-15f786362f27"},"responseCode":201}
2022-01-19 17:14:13:1413 http: {"method":"POST","params":{"boardId":"6fd1d8b5-6c36-4c9f-9f98-8a23e109b679"},"url":"/boards/6fd1d8b5-6c36-4c9f-9f98-8a23e109b679/tasks","query":{},"body":{"title":"Task #4","order":4,"description":"Lorem ipsum","boardId":"6fd1d8b5-6c36-4c9f-9f98-8a23e109b679","userId":null,"columnId":null,"id":"538c4160-0736-487b-9885-350e9a41be7f"},"responseCode":201}
2022-01-19 17:14:13:1413 http: {"method":"POST","params":{"boardId":"6fd1d8b5-6c36-4c9f-9f98-8a23e109b679"},"url":"/boards/6fd1d8b5-6c36-4c9f-9f98-8a23e109b679/tasks","query":{},"body":{"title":"Task #5","order":5,"description":"Lorem ipsum","boardId":"6fd1d8b5-6c36-4c9f-9f98-8a23e109b679","userId":null,"columnId":null,"id":"ee998555-43d5-4ea3-961c-94b360d2183f"},"responseCode":201}
2022-01-19 17:14:13:1413 http: {"method":"GET","params":{"boardId":"6fd1d8b5-6c36-4c9f-9f98-8a23e109b679","taskId":"73aac9ee-ee03-43a8-95c6-66591044c0d8"},"url":"/boards/6fd1d8b5-6c36-4c9f-9f98-8a23e109b679/tasks/73aac9ee-ee03-43a8-95c6-66591044c0d8","query":{},"body":{"id":"73aac9ee-ee03-43a8-95c6-66591044c0d8","title":"Task #1","order":1,"description":"Lorem ipsum","userId":null,"boardId":"6fd1d8b5-6c36-4c9f-9f98-8a23e109b679","columnId":null},"responseCode":200}
2022-01-19 17:14:13:1413 http: {"method":"GET","params":{"boardId":"6fd1d8b5-6c36-4c9f-9f98-8a23e109b679","taskId":"f936564b-839f-4439-94fc-15f786362f27"},"url":"/boards/6fd1d8b5-6c36-4c9f-9f98-8a23e109b679/tasks/f936564b-839f-4439-94fc-15f786362f27","query":{},"body":{"id":"f936564b-839f-4439-94fc-15f786362f27","title":"Task #2","order":2,"description":"Lorem ipsum","userId":null,"boardId":"6fd1d8b5-6c36-4c9f-9f98-8a23e109b679","columnId":null},"responseCode":200}
2022-01-19 17:14:13:1413 http: {"method":"GET","params":{"boardId":"6fd1d8b5-6c36-4c9f-9f98-8a23e109b679","taskId":"78f917e6-82cf-49c9-9145-dc65fb9097a1"},"url":"/boards/6fd1d8b5-6c36-4c9f-9f98-8a23e109b679/tasks/78f917e6-82cf-49c9-9145-dc65fb9097a1","query":{},"body":{"id":"78f917e6-82cf-49c9-9145-dc65fb9097a1","title":"Task #3","order":3,"description":"Lorem ipsum","userId":null,"boardId":"6fd1d8b5-6c36-4c9f-9f98-8a23e109b679","columnId":null},"responseCode":200}
2022-01-19 17:14:13:1413 http: {"method":"GET","params":{"boardId":"6fd1d8b5-6c36-4c9f-9f98-8a23e109b679","taskId":"538c4160-0736-487b-9885-350e9a41be7f"},"url":"/boards/6fd1d8b5-6c36-4c9f-9f98-8a23e109b679/tasks/538c4160-0736-487b-9885-350e9a41be7f","query":{},"body":{"id":"538c4160-0736-487b-9885-350e9a41be7f","title":"Task #4","order":4,"description":"Lorem ipsum","userId":null,"boardId":"6fd1d8b5-6c36-4c9f-9f98-8a23e109b679","columnId":null},"responseCode":200}
2022-01-19 17:14:13:1413 http: {"method":"GET","params":{"boardId":"6fd1d8b5-6c36-4c9f-9f98-8a23e109b679","taskId":"ee998555-43d5-4ea3-961c-94b360d2183f"},"url":"/boards/6fd1d8b5-6c36-4c9f-9f98-8a23e109b679/tasks/ee998555-43d5-4ea3-961c-94b360d2183f","query":{},"body":{"id":"ee998555-43d5-4ea3-961c-94b360d2183f","title":"Task #5","order":5,"description":"Lorem ipsum","userId":null,"boardId":"6fd1d8b5-6c36-4c9f-9f98-8a23e109b679","columnId":null},"responseCode":200}
2022-01-19 17:14:14:1414 http: {"method":"POST","params":{},"url":"/users","query":{},"body":{"id":"f9365b58-0fab-4aa6-abbd-9566110b1f52","name":"TEST_USER","login":"test_user"},"responseCode":201}
2022-01-19 17:14:14:1414 http: {"method":"POST","params":{},"url":"/users","query":{},"body":{"id":"6c03a3c4-b382-4012-8c5c-905f0891c8d5","name":"TEST_USER","login":"test_user"},"responseCode":201}
2022-01-19 17:14:14:1414 http: {"method":"POST","params":{},"url":"/users","query":{},"body":{"id":"5a923b8f-2b6c-43b1-93b8-a8311b7e2db8","name":"TEST_USER","login":"test_user"},"responseCode":201}
2022-01-19 17:14:14:1414 http: {"method":"POST","params":{},"url":"/boards","query":{},"body":{"title":"Autotest board","columns":[{"title":"Backlog","order":1,"id":"d5a93d27-07d4-4f4b-8b3e-65bf822d7a3f"},{"title":"Sprint","order":2,"id":"3404b392-9664-4df6-8bb1-aadd142a10cd"}],"id":"ed675181-a156-41b4-b264-fb6155e2eab1"},"responseCode":201}
2022-01-19 17:14:14:1414 http: {"method":"POST","params":{"boardId":"ed675181-a156-41b4-b264-fb6155e2eab1"},"url":"/boards/ed675181-a156-41b4-b264-fb6155e2eab1/tasks","query":{},"body":{"title":"Task #1","order":1,"description":"Lorem ipsum","userId":"5a923b8f-2b6c-43b1-93b8-a8311b7e2db8","boardId":"ed675181-a156-41b4-b264-fb6155e2eab1","columnId":null,"id":"ea710901-299b-4e8a-9cba-4b65e47a6b5a"},"responseCode":201}
2022-01-19 17:14:14:1414 http: {"method":"POST","params":{"boardId":"ed675181-a156-41b4-b264-fb6155e2eab1"},"url":"/boards/ed675181-a156-41b4-b264-fb6155e2eab1/tasks","query":{},"body":{"title":"Task #2","order":2,"description":"Lorem ipsum","userId":"5a923b8f-2b6c-43b1-93b8-a8311b7e2db8","boardId":"ed675181-a156-41b4-b264-fb6155e2eab1","columnId":null,"id":"6b770941-ec6d-43e4-9b8c-b9a7e13f05e4"},"responseCode":201}
2022-01-19 17:14:14:1414 http: {"method":"GET","params":{"boardId":"ed675181-a156-41b4-b264-fb6155e2eab1","taskId":"ea710901-299b-4e8a-9cba-4b65e47a6b5a"},"url":"/boards/ed675181-a156-41b4-b264-fb6155e2eab1/tasks/ea710901-299b-4e8a-9cba-4b65e47a6b5a","query":{},"body":{"id":"ea710901-299b-4e8a-9cba-4b65e47a6b5a","title":"Task #1","order":1,"description":"Lorem ipsum","userId":null,"boardId":"ed675181-a156-41b4-b264-fb6155e2eab1","columnId":null},"responseCode":200}
2022-01-19 17:14:14:1414 http: {"method":"GET","params":{"boardId":"ed675181-a156-41b4-b264-fb6155e2eab1","taskId":"6b770941-ec6d-43e4-9b8c-b9a7e13f05e4"},"url":"/boards/ed675181-a156-41b4-b264-fb6155e2eab1/tasks/6b770941-ec6d-43e4-9b8c-b9a7e13f05e4","query":{},"body":{"id":"6b770941-ec6d-43e4-9b8c-b9a7e13f05e4","title":"Task #2","order":2,"description":"Lorem ipsum","userId":null,"boardId":"ed675181-a156-41b4-b264-fb6155e2eab1","columnId":null},"responseCode":200}
2022-01-19 17:17:16:1716 info: "App is running on http://localhost:4000"
2022-01-19 17:17:16:1716 info: "Postgres connected"
2022-01-19 17:17:35:1735 info: "App is running on http://localhost:4000"
2022-01-19 17:17:35:1735 info: "Postgres connected"
2022-01-19 17:17:44:1744 http: {"method":"GET","params":{},"url":"/users","query":{},"body":[{"id":"8299d823-d6db-4d38-a90c-bfd88073bb7f","name":"Foo","login":"admin"},{"id":"eaac7e88-6fa6-42cd-bfac-640c56614348","name":"Foo","login":"admin"},{"id":"67bbeaca-032f-470b-9040-600906968216","name":"Foo","login":"admin"},{"id":"5d947616-59f4-4df4-a2a9-0908a9ee8314","name":"Foo","login":"admin"},{"id":"5e5ffb74-6678-4e4e-853e-644c36078424","name":"Foo","login":"admin"},{"id":"551e0217-ecaf-4d97-ad2b-c3d60266590b","name":"Foo","login":"admin"},{"id":"fa2fad48-1b1a-4893-aaed-49e980ad7517","name":"Foo","login":"admin"},{"id":"d98b0ee6-1454-42a3-a4a5-69c401b5973e","name":"Foo","login":"admin"}],"responseCode":200}
2022-01-19 17:17:44:1744 http: {"method":"POST","params":{},"url":"/boards","query":{},"body":{"title":"Autotest board","columns":[{"title":"Backlog","order":1,"id":"41f9fdc8-8a5b-4020-b82e-f616d7da85a7"},{"title":"Sprint","order":2,"id":"2a4b914b-3e00-4ca1-bb1b-827ae86ba922"}],"id":"8c144793-3294-404c-801c-a46202d4f1bf"},"responseCode":201}
2022-01-19 17:17:44:1744 http: {"method":"GET","params":{},"url":"/boards","query":{},"body":[{"id":"8c144793-3294-404c-801c-a46202d4f1bf","title":"Autotest board","columns":[{"id":"41f9fdc8-8a5b-4020-b82e-f616d7da85a7","title":"Backlog","order":1},{"id":"2a4b914b-3e00-4ca1-bb1b-827ae86ba922","title":"Sprint","order":2}]}],"responseCode":200}
2022-01-19 17:17:44:1744 http: {"method":"GET","params":{},"url":"/boards","query":{},"body":[{"id":"8c144793-3294-404c-801c-a46202d4f1bf","title":"Autotest board","columns":[{"id":"41f9fdc8-8a5b-4020-b82e-f616d7da85a7","title":"Backlog","order":1},{"id":"2a4b914b-3e00-4ca1-bb1b-827ae86ba922","title":"Sprint","order":2}]}],"responseCode":200}
2022-01-19 17:17:44:1744 http: {"method":"POST","params":{},"url":"/users","query":{},"body":{"id":"d53dc22c-e0ba-4b70-acb3-b9c1174deb89","name":"TEST_USER","login":"test_user"},"responseCode":201}
2022-01-19 17:17:44:1744 http: {"method":"POST","params":{},"url":"/boards","query":{},"body":{"title":"Autotest board","columns":[{"title":"Backlog","order":1,"id":"f81cc9a4-0e19-453e-8a4b-44796b385f0e"},{"title":"Sprint","order":2,"id":"ef19d0bb-8ee9-4f0a-b0c8-6d7ccd1cde10"}],"id":"8284bfb5-70db-4f01-8481-47330e658490"},"responseCode":201}
2022-01-19 17:17:44:1744 http: {"method":"POST","params":{"boardId":"8284bfb5-70db-4f01-8481-47330e658490"},"url":"/boards/8284bfb5-70db-4f01-8481-47330e658490/tasks","query":{},"body":{"title":"Autotest task","order":0,"description":"Lorem ipsum","userId":null,"boardId":"8284bfb5-70db-4f01-8481-47330e658490","columnId":null,"id":"ab015674-8757-4382-b9e6-382fca217764"},"responseCode":201}
2022-01-19 17:17:44:1744 http: {"method":"GET","params":{"boardId":"8284bfb5-70db-4f01-8481-47330e658490"},"url":"/boards/8284bfb5-70db-4f01-8481-47330e658490/tasks","query":{},"body":[{"id":"ab015674-8757-4382-b9e6-382fca217764","title":"Autotest task","order":0,"description":"Lorem ipsum","userId":null,"boardId":"8284bfb5-70db-4f01-8481-47330e658490","columnId":null}],"responseCode":200}
2022-01-19 17:17:44:1744 http: {"method":"POST","params":{},"url":"/users","query":{},"body":{"id":"0746d80a-804a-4430-b6c1-b7d9c06443f1","name":"TEST_USER","login":"test_user"},"responseCode":201}
2022-01-19 17:17:44:1744 http: {"method":"GET","params":{"boardId":"8284bfb5-70db-4f01-8481-47330e658490"},"url":"/boards/8284bfb5-70db-4f01-8481-47330e658490/tasks","query":{},"body":[{"id":"ab015674-8757-4382-b9e6-382fca217764","title":"Autotest task","order":0,"description":"Lorem ipsum","userId":null,"boardId":"8284bfb5-70db-4f01-8481-47330e658490","columnId":null}],"responseCode":200}
2022-01-19 17:17:44:1744 http: {"method":"POST","params":{},"url":"/boards","query":{},"body":{"title":"Autotest board","columns":[{"title":"Backlog","order":1,"id":"8a855e08-857b-42d2-b26b-735370e12885"},{"title":"Sprint","order":2,"id":"ac1af550-6f8e-4949-8107-44f7ec2a54e0"}],"id":"39d2b667-dd1d-4ef7-8d96-470fb5717fb0"},"responseCode":201}
2022-01-19 17:17:44:1744 http: {"method":"GET","params":{"boardId":"8284bfb5-70db-4f01-8481-47330e658490","taskId":"ab015674-8757-4382-b9e6-382fca217764"},"url":"/boards/8284bfb5-70db-4f01-8481-47330e658490/tasks/ab015674-8757-4382-b9e6-382fca217764","query":{},"body":{"id":"ab015674-8757-4382-b9e6-382fca217764","title":"Autotest task","order":0,"description":"Lorem ipsum","userId":null,"boardId":"8284bfb5-70db-4f01-8481-47330e658490","columnId":null},"responseCode":200}
2022-01-19 17:17:44:1744 http: {"method":"POST","params":{"boardId":"8284bfb5-70db-4f01-8481-47330e658490"},"url":"/boards/8284bfb5-70db-4f01-8481-47330e658490/tasks","query":{},"body":{"title":"Autotest task","order":0,"description":"Lorem ipsum","userId":null,"boardId":"8284bfb5-70db-4f01-8481-47330e658490","columnId":null,"id":"dcfee93c-9ec2-4778-8556-0b621910ffc6"},"responseCode":201}
2022-01-19 17:17:44:1744 http: {"method":"POST","params":{},"url":"/boards","query":{},"body":{"title":"Autotest board","columns":[{"title":"Backlog","order":1,"id":"8c1e73b8-9e0e-4e63-b27a-23290ac0e3c6"},{"title":"Sprint","order":2,"id":"1a6b5de2-f14d-48a6-8225-757e637fde1d"}],"id":"2127f7a8-2338-48e3-83bb-6b3ce847eb0e"},"responseCode":201}
2022-01-19 17:17:44:1744 http: {"method":"POST","params":{"boardId":"8284bfb5-70db-4f01-8481-47330e658490"},"url":"/boards/8284bfb5-70db-4f01-8481-47330e658490/tasks","query":{},"body":{"title":"Autotest task","order":0,"description":"Lorem ipsum","userId":null,"boardId":"8284bfb5-70db-4f01-8481-47330e658490","columnId":null,"id":"b5db6e34-9256-4292-ac9e-7615cbcd1fef"},"responseCode":201}
2022-01-19 17:17:44:1744 http: {"method":"GET","params":{"boardId":"8284bfb5-70db-4f01-8481-47330e658490","taskId":"b5db6e34-9256-4292-ac9e-7615cbcd1fef"},"url":"/boards/8284bfb5-70db-4f01-8481-47330e658490/tasks/b5db6e34-9256-4292-ac9e-7615cbcd1fef","query":{},"body":{"id":"b5db6e34-9256-4292-ac9e-7615cbcd1fef","title":"Autotest updated task","order":0,"description":"Lorem ipsum","userId":null,"boardId":"8284bfb5-70db-4f01-8481-47330e658490","columnId":null},"responseCode":200}
2022-01-19 17:17:44:1744 http: {"method":"GET","params":{"boardId":"8284bfb5-70db-4f01-8481-47330e658490","taskId":"ab015674-8757-4382-b9e6-382fca217764"},"url":"/boards/8284bfb5-70db-4f01-8481-47330e658490/tasks/ab015674-8757-4382-b9e6-382fca217764","query":{},"body":{"id":"ab015674-8757-4382-b9e6-382fca217764","title":"Autotest task","order":0,"description":"Lorem ipsum","userId":null,"boardId":"8284bfb5-70db-4f01-8481-47330e658490","columnId":null},"responseCode":200}
2022-01-19 17:17:44:1744 http: {"method":"POST","params":{},"url":"/users","query":{},"body":{"id":"54b56f17-e9e9-4663-a60e-e9e135624474","name":"TEST_USER","login":"test_user"},"responseCode":201}
2022-01-19 17:17:44:1744 http: {"method":"POST","params":{},"url":"/boards","query":{},"body":{"title":"Autotest board","columns":[{"title":"Backlog","order":1,"id":"99b325ae-7010-41bb-ab6a-2fb04fb62b69"},{"title":"Sprint","order":2,"id":"f4337192-3019-403f-bbaf-7842ca250793"}],"id":"cf0d961d-f3ef-4a00-b324-c23884835e74"},"responseCode":201}
2022-01-19 17:17:44:1744 http: {"method":"GET","params":{"id":"cf0d961d-f3ef-4a00-b324-c23884835e74"},"url":"/boards/cf0d961d-f3ef-4a00-b324-c23884835e74","query":{},"responseCode":404}
2022-01-19 17:17:44:1744 http: {"method":"POST","params":{},"url":"/boards","query":{},"body":{"title":"Autotest board","columns":[{"title":"Backlog","order":1,"id":"49b661f5-8b44-417c-8336-64e15e4477c2"},{"title":"Sprint","order":2,"id":"7cb49692-7e54-40c1-ba8b-21d3f86dffbb"}],"id":"ae5433a6-6dcc-4329-b59a-72e661edbdfd"},"responseCode":201}
2022-01-19 17:17:45:1745 http: {"method":"POST","params":{"boardId":"ae5433a6-6dcc-4329-b59a-72e661edbdfd"},"url":"/boards/ae5433a6-6dcc-4329-b59a-72e661edbdfd/tasks","query":{},"body":{"title":"Task #1","order":1,"description":"Lorem ipsum","boardId":"ae5433a6-6dcc-4329-b59a-72e661edbdfd","userId":null,"columnId":null,"id":"d8134cc2-83b3-4691-8db4-ae81bbc3e342"},"responseCode":201}
2022-01-19 17:17:45:1745 http: {"method":"POST","params":{"boardId":"ae5433a6-6dcc-4329-b59a-72e661edbdfd"},"url":"/boards/ae5433a6-6dcc-4329-b59a-72e661edbdfd/tasks","query":{},"body":{"title":"Task #2","order":2,"description":"Lorem ipsum","boardId":"ae5433a6-6dcc-4329-b59a-72e661edbdfd","userId":null,"columnId":null,"id":"cecb7809-6718-49c5-a3dc-dfb853dc8e04"},"responseCode":201}
2022-01-19 17:17:45:1745 http: {"method":"POST","params":{"boardId":"ae5433a6-6dcc-4329-b59a-72e661edbdfd"},"url":"/boards/ae5433a6-6dcc-4329-b59a-72e661edbdfd/tasks","query":{},"body":{"title":"Task #3","order":3,"description":"Lorem ipsum","boardId":"ae5433a6-6dcc-4329-b59a-72e661edbdfd","userId":null,"columnId":null,"id":"b6e0da84-22a2-49cc-b3aa-a79e2098fd6b"},"responseCode":201}
2022-01-19 17:17:45:1745 http: {"method":"POST","params":{},"url":"/users","query":{},"body":{"id":"046c6c3f-74c7-4301-aa76-e44da42acb5b","name":"TEST_USER","login":"test_user"},"responseCode":201}
2022-01-19 17:17:45:1745 http: {"method":"POST","params":{"boardId":"ae5433a6-6dcc-4329-b59a-72e661edbdfd"},"url":"/boards/ae5433a6-6dcc-4329-b59a-72e661edbdfd/tasks","query":{},"body":{"title":"Task #4","order":4,"description":"Lorem ipsum","boardId":"ae5433a6-6dcc-4329-b59a-72e661edbdfd","userId":null,"columnId":null,"id":"8ac7c406-0013-4da8-9428-0b39414ed3e5"},"responseCode":201}
2022-01-19 17:17:45:1745 http: {"method":"POST","params":{"boardId":"ae5433a6-6dcc-4329-b59a-72e661edbdfd"},"url":"/boards/ae5433a6-6dcc-4329-b59a-72e661edbdfd/tasks","query":{},"body":{"title":"Task #5","order":5,"description":"Lorem ipsum","boardId":"ae5433a6-6dcc-4329-b59a-72e661edbdfd","userId":null,"columnId":null,"id":"931afc62-8a7d-4ab6-9319-6cfd1335859f"},"responseCode":201}
2022-01-19 17:17:45:1745 http: {"method":"GET","params":{"boardId":"ae5433a6-6dcc-4329-b59a-72e661edbdfd","taskId":"d8134cc2-83b3-4691-8db4-ae81bbc3e342"},"url":"/boards/ae5433a6-6dcc-4329-b59a-72e661edbdfd/tasks/d8134cc2-83b3-4691-8db4-ae81bbc3e342","query":{},"body":{"id":"d8134cc2-83b3-4691-8db4-ae81bbc3e342","title":"Task #1","order":1,"description":"Lorem ipsum","userId":null,"boardId":"ae5433a6-6dcc-4329-b59a-72e661edbdfd","columnId":null},"responseCode":200}
2022-01-19 17:17:45:1745 http: {"method":"GET","params":{"boardId":"ae5433a6-6dcc-4329-b59a-72e661edbdfd","taskId":"cecb7809-6718-49c5-a3dc-dfb853dc8e04"},"url":"/boards/ae5433a6-6dcc-4329-b59a-72e661edbdfd/tasks/cecb7809-6718-49c5-a3dc-dfb853dc8e04","query":{},"body":{"id":"cecb7809-6718-49c5-a3dc-dfb853dc8e04","title":"Task #2","order":2,"description":"Lorem ipsum","userId":null,"boardId":"ae5433a6-6dcc-4329-b59a-72e661edbdfd","columnId":null},"responseCode":200}
2022-01-19 17:17:45:1745 http: {"method":"GET","params":{"boardId":"ae5433a6-6dcc-4329-b59a-72e661edbdfd","taskId":"b6e0da84-22a2-49cc-b3aa-a79e2098fd6b"},"url":"/boards/ae5433a6-6dcc-4329-b59a-72e661edbdfd/tasks/b6e0da84-22a2-49cc-b3aa-a79e2098fd6b","query":{},"body":{"id":"b6e0da84-22a2-49cc-b3aa-a79e2098fd6b","title":"Task #3","order":3,"description":"Lorem ipsum","userId":null,"boardId":"ae5433a6-6dcc-4329-b59a-72e661edbdfd","columnId":null},"responseCode":200}
2022-01-19 17:17:45:1745 http: {"method":"GET","params":{"boardId":"ae5433a6-6dcc-4329-b59a-72e661edbdfd","taskId":"8ac7c406-0013-4da8-9428-0b39414ed3e5"},"url":"/boards/ae5433a6-6dcc-4329-b59a-72e661edbdfd/tasks/8ac7c406-0013-4da8-9428-0b39414ed3e5","query":{},"body":{"id":"8ac7c406-0013-4da8-9428-0b39414ed3e5","title":"Task #4","order":4,"description":"Lorem ipsum","userId":null,"boardId":"ae5433a6-6dcc-4329-b59a-72e661edbdfd","columnId":null},"responseCode":200}
2022-01-19 17:17:45:1745 http: {"method":"GET","params":{"boardId":"ae5433a6-6dcc-4329-b59a-72e661edbdfd","taskId":"931afc62-8a7d-4ab6-9319-6cfd1335859f"},"url":"/boards/ae5433a6-6dcc-4329-b59a-72e661edbdfd/tasks/931afc62-8a7d-4ab6-9319-6cfd1335859f","query":{},"body":{"id":"931afc62-8a7d-4ab6-9319-6cfd1335859f","title":"Task #5","order":5,"description":"Lorem ipsum","userId":null,"boardId":"ae5433a6-6dcc-4329-b59a-72e661edbdfd","columnId":null},"responseCode":200}
2022-01-19 17:17:45:1745 http: {"method":"POST","params":{},"url":"/users","query":{},"body":{"id":"a14874f1-f20d-4150-b384-319bfeeacb26","name":"TEST_USER","login":"test_user"},"responseCode":201}
2022-01-19 17:17:45:1745 http: {"method":"POST","params":{},"url":"/boards","query":{},"body":{"title":"Autotest board","columns":[{"title":"Backlog","order":1,"id":"dfb096ca-d3df-47da-aecc-aa18281ddd83"},{"title":"Sprint","order":2,"id":"ab405b79-d0bc-4a52-8062-f1fbe9676898"}],"id":"6cdf7d8b-3ffc-4205-b58c-0f2b2f0999f7"},"responseCode":201}
2022-01-19 17:17:45:1745 http: {"method":"POST","params":{"boardId":"6cdf7d8b-3ffc-4205-b58c-0f2b2f0999f7"},"url":"/boards/6cdf7d8b-3ffc-4205-b58c-0f2b2f0999f7/tasks","query":{},"body":{"title":"Task #1","order":1,"description":"Lorem ipsum","userId":"a14874f1-f20d-4150-b384-319bfeeacb26","boardId":"6cdf7d8b-3ffc-4205-b58c-0f2b2f0999f7","columnId":null,"id":"01539aa4-647f-429f-9c87-04497dafff54"},"responseCode":201}
2022-01-19 17:17:45:1745 http: {"method":"POST","params":{"boardId":"6cdf7d8b-3ffc-4205-b58c-0f2b2f0999f7"},"url":"/boards/6cdf7d8b-3ffc-4205-b58c-0f2b2f0999f7/tasks","query":{},"body":{"title":"Task #2","order":2,"description":"Lorem ipsum","userId":"a14874f1-f20d-4150-b384-319bfeeacb26","boardId":"6cdf7d8b-3ffc-4205-b58c-0f2b2f0999f7","columnId":null,"id":"33b774d6-342f-429b-8c2f-f436374c9043"},"responseCode":201}
2022-01-19 17:17:45:1745 http: {"method":"GET","params":{"boardId":"6cdf7d8b-3ffc-4205-b58c-0f2b2f0999f7","taskId":"01539aa4-647f-429f-9c87-04497dafff54"},"url":"/boards/6cdf7d8b-3ffc-4205-b58c-0f2b2f0999f7/tasks/01539aa4-647f-429f-9c87-04497dafff54","query":{},"body":{"id":"01539aa4-647f-429f-9c87-04497dafff54","title":"Task #1","order":1,"description":"Lorem ipsum","userId":null,"boardId":"6cdf7d8b-3ffc-4205-b58c-0f2b2f0999f7","columnId":null},"responseCode":200}
2022-01-19 17:17:45:1745 http: {"method":"GET","params":{"boardId":"6cdf7d8b-3ffc-4205-b58c-0f2b2f0999f7","taskId":"33b774d6-342f-429b-8c2f-f436374c9043"},"url":"/boards/6cdf7d8b-3ffc-4205-b58c-0f2b2f0999f7/tasks/33b774d6-342f-429b-8c2f-f436374c9043","query":{},"body":{"id":"33b774d6-342f-429b-8c2f-f436374c9043","title":"Task #2","order":2,"description":"Lorem ipsum","userId":null,"boardId":"6cdf7d8b-3ffc-4205-b58c-0f2b2f0999f7","columnId":null},"responseCode":200}
2022-01-19 17:23:47:2347 info: "App is running on http://localhost:4000"
2022-01-19 17:23:47:2347 info: "Postgres connected"
2022-01-19 17:24:43:2443 info: "App is running on http://localhost:4000"
2022-01-19 17:24:44:2444 info: "Postgres connected"
2022-01-19 17:28:52:2852 info: "App is running on http://localhost:4000"
2022-01-19 17:28:52:2852 info: "Postgres connected"
2022-01-19 17:30:18:3018 http: {"method":"GET","params":{},"url":"/users","query":{},"body":[{"id":"8299d823-d6db-4d38-a90c-bfd88073bb7f","name":"Foo","login":"admin"},{"id":"eaac7e88-6fa6-42cd-bfac-640c56614348","name":"Foo","login":"admin"},{"id":"67bbeaca-032f-470b-9040-600906968216","name":"Foo","login":"admin"},{"id":"5d947616-59f4-4df4-a2a9-0908a9ee8314","name":"Foo","login":"admin"},{"id":"5e5ffb74-6678-4e4e-853e-644c36078424","name":"Foo","login":"admin"},{"id":"551e0217-ecaf-4d97-ad2b-c3d60266590b","name":"Foo","login":"admin"},{"id":"fa2fad48-1b1a-4893-aaed-49e980ad7517","name":"Foo","login":"admin"},{"id":"d98b0ee6-1454-42a3-a4a5-69c401b5973e","name":"Foo","login":"admin"},{"id":"77ae6167-e7fc-45a3-a53c-bb7662b811a2","name":"Foo","login":"admin"},{"id":"83919939-aaa3-4b77-8d9c-d9a9e52fd92c","name":"Foo","login":"admin"},{"id":"d260ce57-6a39-4064-ab8d-728a581ac41d","name":"Foo","login":"admin"}],"responseCode":200}
2022-01-19 17:30:18:3018 http: {"method":"POST","params":{},"url":"/boards","query":{},"body":{"title":"Autotest board","columns":[{"title":"Backlog","order":1,"id":"6b421e8b-f5a7-410c-98b7-a224ea14d941"},{"title":"Sprint","order":2,"id":"21057ba6-0a78-499a-a487-2cd012831a85"}],"id":"f2c59161-1e33-485b-aede-874d14f11469"},"responseCode":201}
2022-01-19 17:30:18:3018 http: {"method":"POST","params":{},"url":"/boards","query":{},"body":{"title":"Autotest board","columns":[{"title":"Backlog","order":1,"id":"7e2b00f4-4889-4eea-a429-d9c8f55e6734"},{"title":"Sprint","order":2,"id":"11504f04-cd3a-40a4-85bf-957d7540e638"}],"id":"a4e4d956-cdaf-4ad4-a501-d06cc639379e"},"responseCode":201}
2022-01-19 17:30:18:3018 http: {"method":"POST","params":{"boardId":"f2c59161-1e33-485b-aede-874d14f11469"},"url":"/boards/f2c59161-1e33-485b-aede-874d14f11469/tasks","query":{},"body":{"title":"Autotest task","order":0,"description":"Lorem ipsum","userId":null,"boardId":"f2c59161-1e33-485b-aede-874d14f11469","columnId":null,"id":"23c8167c-016b-45a0-ab6e-d64a2996bdbb"},"responseCode":201}
2022-01-19 17:30:18:3018 http: {"method":"GET","params":{},"url":"/boards","query":{},"body":[{"id":"f2c59161-1e33-485b-aede-874d14f11469","title":"Autotest board","columns":[{"id":"6b421e8b-f5a7-410c-98b7-a224ea14d941","title":"Backlog","order":1},{"id":"21057ba6-0a78-499a-a487-2cd012831a85","title":"Sprint","order":2}]},{"id":"a4e4d956-cdaf-4ad4-a501-d06cc639379e","title":"Autotest board","columns":[{"id":"7e2b00f4-4889-4eea-a429-d9c8f55e6734","title":"Backlog","order":1},{"id":"11504f04-cd3a-40a4-85bf-957d7540e638","title":"Sprint","order":2}]}],"responseCode":200}
2022-01-19 17:30:18:3018 http: {"method":"GET","params":{"boardId":"f2c59161-1e33-485b-aede-874d14f11469"},"url":"/boards/f2c59161-1e33-485b-aede-874d14f11469/tasks","query":{},"body":[{"id":"23c8167c-016b-45a0-ab6e-d64a2996bdbb","title":"Autotest task","order":0,"description":"Lorem ipsum","userId":null,"boardId":"f2c59161-1e33-485b-aede-874d14f11469","columnId":null}],"responseCode":200}
2022-01-19 17:30:18:3018 http: {"method":"GET","params":{},"url":"/boards","query":{},"body":[{"id":"f2c59161-1e33-485b-aede-874d14f11469","title":"Autotest board","columns":[{"id":"6b421e8b-f5a7-410c-98b7-a224ea14d941","title":"Backlog","order":1},{"id":"21057ba6-0a78-499a-a487-2cd012831a85","title":"Sprint","order":2}]},{"id":"a4e4d956-cdaf-4ad4-a501-d06cc639379e","title":"Autotest board","columns":[{"id":"7e2b00f4-4889-4eea-a429-d9c8f55e6734","title":"Backlog","order":1},{"id":"11504f04-cd3a-40a4-85bf-957d7540e638","title":"Sprint","order":2}]}],"responseCode":200}
2022-01-19 17:30:18:3018 http: {"method":"GET","params":{"boardId":"f2c59161-1e33-485b-aede-874d14f11469"},"url":"/boards/f2c59161-1e33-485b-aede-874d14f11469/tasks","query":{},"body":[{"id":"23c8167c-016b-45a0-ab6e-d64a2996bdbb","title":"Autotest task","order":0,"description":"Lorem ipsum","userId":null,"boardId":"f2c59161-1e33-485b-aede-874d14f11469","columnId":null}],"responseCode":200}
2022-01-19 17:30:18:3018 http: {"method":"GET","params":{"boardId":"f2c59161-1e33-485b-aede-874d14f11469","taskId":"23c8167c-016b-45a0-ab6e-d64a2996bdbb"},"url":"/boards/f2c59161-1e33-485b-aede-874d14f11469/tasks/23c8167c-016b-45a0-ab6e-d64a2996bdbb","query":{},"body":{"id":"23c8167c-016b-45a0-ab6e-d64a2996bdbb","title":"Autotest task","order":0,"description":"Lorem ipsum","userId":null,"boardId":"f2c59161-1e33-485b-aede-874d14f11469","columnId":null},"responseCode":200}
2022-01-19 17:30:18:3018 http: {"method":"POST","params":{},"url":"/users","query":{},"body":{"id":"800bd3a2-2a16-4eb1-b235-8661e226584d","name":"TEST_USER","login":"test_user"},"responseCode":201}
2022-01-19 17:30:18:3018 http: {"method":"POST","params":{"boardId":"f2c59161-1e33-485b-aede-874d14f11469"},"url":"/boards/f2c59161-1e33-485b-aede-874d14f11469/tasks","query":{},"body":{"title":"Autotest task","order":0,"description":"Lorem ipsum","userId":null,"boardId":"f2c59161-1e33-485b-aede-874d14f11469","columnId":null,"id":"39c4a9ef-bcbc-4574-9427-cea2e1de01a6"},"responseCode":201}
2022-01-19 17:30:18:3018 http: {"method":"POST","params":{},"url":"/boards","query":{},"body":{"title":"Autotest board","columns":[{"title":"Backlog","order":1,"id":"0ff04370-7230-40e2-af19-bd4c950e09c2"},{"title":"Sprint","order":2,"id":"29f891da-db63-4dfc-a770-92da84e7a957"}],"id":"5620a2c0-58f9-4985-a0b9-d76cfd56c19d"},"responseCode":201}
2022-01-19 17:30:18:3018 http: {"method":"POST","params":{"boardId":"f2c59161-1e33-485b-aede-874d14f11469"},"url":"/boards/f2c59161-1e33-485b-aede-874d14f11469/tasks","query":{},"body":{"title":"Autotest task","order":0,"description":"Lorem ipsum","userId":null,"boardId":"f2c59161-1e33-485b-aede-874d14f11469","columnId":null,"id":"2552bd3e-3e59-4add-8965-c742350881bc"},"responseCode":201}
2022-01-19 17:30:18:3018 http: {"method":"GET","params":{"boardId":"f2c59161-1e33-485b-aede-874d14f11469","taskId":"2552bd3e-3e59-4add-8965-c742350881bc"},"url":"/boards/f2c59161-1e33-485b-aede-874d14f11469/tasks/2552bd3e-3e59-4add-8965-c742350881bc","query":{},"body":{"id":"2552bd3e-3e59-4add-8965-c742350881bc","title":"Autotest updated task","order":0,"description":"Lorem ipsum","userId":null,"boardId":"f2c59161-1e33-485b-aede-874d14f11469","columnId":null},"responseCode":200}
2022-01-19 17:30:18:3018 http: {"method":"POST","params":{},"url":"/boards","query":{},"body":{"title":"Autotest board","columns":[{"title":"Backlog","order":1,"id":"843d7bf0-836f-4aaf-9740-d71550d9b626"},{"title":"Sprint","order":2,"id":"c5fe2ac9-1097-4f81-91ce-335007e50791"}],"id":"c4f6a28a-c1ee-4fbb-8853-b30d907da86a"},"responseCode":201}
2022-01-19 17:30:18:3018 http: {"method":"GET","params":{"boardId":"f2c59161-1e33-485b-aede-874d14f11469","taskId":"23c8167c-016b-45a0-ab6e-d64a2996bdbb"},"url":"/boards/f2c59161-1e33-485b-aede-874d14f11469/tasks/23c8167c-016b-45a0-ab6e-d64a2996bdbb","query":{},"body":{"id":"23c8167c-016b-45a0-ab6e-d64a2996bdbb","title":"Autotest task","order":0,"description":"Lorem ipsum","userId":null,"boardId":"f2c59161-1e33-485b-aede-874d14f11469","columnId":null},"responseCode":200}
2022-01-19 17:30:18:3018 http: {"method":"POST","params":{},"url":"/boards","query":{},"body":{"title":"Autotest board","columns":[{"title":"Backlog","order":1,"id":"c5349af2-02f1-4aad-b9da-6f7f23921522"},{"title":"Sprint","order":2,"id":"9ac53dec-4894-4bf4-ae02-2d91ebf92407"}],"id":"4ab16044-bc62-45e7-9d88-8f0c230a58f3"},"responseCode":201}
2022-01-19 17:30:18:3018 http: {"method":"POST","params":{},"url":"/users","query":{},"body":{"id":"4513c750-1ac2-4b56-82b1-02b9f0146742","name":"TEST_USER","login":"test_user"},"responseCode":201}
2022-01-19 17:30:18:3018 http: {"method":"GET","params":{"id":"4ab16044-bc62-45e7-9d88-8f0c230a58f3"},"url":"/boards/4ab16044-bc62-45e7-9d88-8f0c230a58f3","query":{},"responseCode":404}
2022-01-19 17:30:18:3018 http: {"method":"POST","params":{},"url":"/boards","query":{},"body":{"title":"Autotest board","columns":[{"title":"Backlog","order":1,"id":"e9ad9d85-58d8-4943-b23f-8e4f3e00a21e"},{"title":"Sprint","order":2,"id":"129b3cd0-aa45-488a-b008-c93bfb112c2c"}],"id":"51e8db69-7405-4c8e-8427-35c29b785b8a"},"responseCode":201}
2022-01-19 17:30:18:3018 http: {"method":"POST","params":{"boardId":"51e8db69-7405-4c8e-8427-35c29b785b8a"},"url":"/boards/51e8db69-7405-4c8e-8427-35c29b785b8a/tasks","query":{},"body":{"title":"Task #1","order":1,"description":"Lorem ipsum","boardId":"51e8db69-7405-4c8e-8427-35c29b785b8a","userId":null,"columnId":null,"id":"4df92c98-5078-4d86-9391-d3a05f428144"},"responseCode":201}
2022-01-19 17:30:18:3018 http: {"method":"POST","params":{"boardId":"51e8db69-7405-4c8e-8427-35c29b785b8a"},"url":"/boards/51e8db69-7405-4c8e-8427-35c29b785b8a/tasks","query":{},"body":{"title":"Task #2","order":2,"description":"Lorem ipsum","boardId":"51e8db69-7405-4c8e-8427-35c29b785b8a","userId":null,"columnId":null,"id":"a055941a-240b-485c-b1f7-84b18c9a1e84"},"responseCode":201}
2022-01-19 17:30:18:3018 http: {"method":"POST","params":{"boardId":"51e8db69-7405-4c8e-8427-35c29b785b8a"},"url":"/boards/51e8db69-7405-4c8e-8427-35c29b785b8a/tasks","query":{},"body":{"title":"Task #3","order":3,"description":"Lorem ipsum","boardId":"51e8db69-7405-4c8e-8427-35c29b785b8a","userId":null,"columnId":null,"id":"fb03b4aa-f56a-4bf3-a59c-65a5b46b1886"},"responseCode":201}
2022-01-19 17:30:19:3019 http: {"method":"POST","params":{},"url":"/users","query":{},"body":{"id":"d1f8a3fc-e512-4969-96b9-dc540ccb5506","name":"TEST_USER","login":"test_user"},"responseCode":201}
2022-01-19 17:30:19:3019 http: {"method":"POST","params":{"boardId":"51e8db69-7405-4c8e-8427-35c29b785b8a"},"url":"/boards/51e8db69-7405-4c8e-8427-35c29b785b8a/tasks","query":{},"body":{"title":"Task #4","order":4,"description":"Lorem ipsum","boardId":"51e8db69-7405-4c8e-8427-35c29b785b8a","userId":null,"columnId":null,"id":"793f2ba4-1253-48db-a778-12e21103f711"},"responseCode":201}
2022-01-19 17:30:19:3019 http: {"method":"POST","params":{"boardId":"51e8db69-7405-4c8e-8427-35c29b785b8a"},"url":"/boards/51e8db69-7405-4c8e-8427-35c29b785b8a/tasks","query":{},"body":{"title":"Task #5","order":5,"description":"Lorem ipsum","boardId":"51e8db69-7405-4c8e-8427-35c29b785b8a","userId":null,"columnId":null,"id":"627ef3a1-1e87-4541-9e09-f9b6c092bb48"},"responseCode":201}
2022-01-19 17:30:19:3019 http: {"method":"GET","params":{"boardId":"51e8db69-7405-4c8e-8427-35c29b785b8a","taskId":"4df92c98-5078-4d86-9391-d3a05f428144"},"url":"/boards/51e8db69-7405-4c8e-8427-35c29b785b8a/tasks/4df92c98-5078-4d86-9391-d3a05f428144","query":{},"body":{"id":"4df92c98-5078-4d86-9391-d3a05f428144","title":"Task #1","order":1,"description":"Lorem ipsum","userId":null,"boardId":"51e8db69-7405-4c8e-8427-35c29b785b8a","columnId":null},"responseCode":200}
2022-01-19 17:30:19:3019 http: {"method":"GET","params":{"boardId":"51e8db69-7405-4c8e-8427-35c29b785b8a","taskId":"a055941a-240b-485c-b1f7-84b18c9a1e84"},"url":"/boards/51e8db69-7405-4c8e-8427-35c29b785b8a/tasks/a055941a-240b-485c-b1f7-84b18c9a1e84","query":{},"body":{"id":"a055941a-240b-485c-b1f7-84b18c9a1e84","title":"Task #2","order":2,"description":"Lorem ipsum","userId":null,"boardId":"51e8db69-7405-4c8e-8427-35c29b785b8a","columnId":null},"responseCode":200}
2022-01-19 17:30:19:3019 http: {"method":"GET","params":{"boardId":"51e8db69-7405-4c8e-8427-35c29b785b8a","taskId":"fb03b4aa-f56a-4bf3-a59c-65a5b46b1886"},"url":"/boards/51e8db69-7405-4c8e-8427-35c29b785b8a/tasks/fb03b4aa-f56a-4bf3-a59c-65a5b46b1886","query":{},"body":{"id":"fb03b4aa-f56a-4bf3-a59c-65a5b46b1886","title":"Task #3","order":3,"description":"Lorem ipsum","userId":null,"boardId":"51e8db69-7405-4c8e-8427-35c29b785b8a","columnId":null},"responseCode":200}
2022-01-19 17:30:19:3019 http: {"method":"GET","params":{"boardId":"51e8db69-7405-4c8e-8427-35c29b785b8a","taskId":"793f2ba4-1253-48db-a778-12e21103f711"},"url":"/boards/51e8db69-7405-4c8e-8427-35c29b785b8a/tasks/793f2ba4-1253-48db-a778-12e21103f711","query":{},"body":{"id":"793f2ba4-1253-48db-a778-12e21103f711","title":"Task #4","order":4,"description":"Lorem ipsum","userId":null,"boardId":"51e8db69-7405-4c8e-8427-35c29b785b8a","columnId":null},"responseCode":200}
2022-01-19 17:30:19:3019 http: {"method":"GET","params":{"boardId":"51e8db69-7405-4c8e-8427-35c29b785b8a","taskId":"627ef3a1-1e87-4541-9e09-f9b6c092bb48"},"url":"/boards/51e8db69-7405-4c8e-8427-35c29b785b8a/tasks/627ef3a1-1e87-4541-9e09-f9b6c092bb48","query":{},"body":{"id":"627ef3a1-1e87-4541-9e09-f9b6c092bb48","title":"Task #5","order":5,"description":"Lorem ipsum","userId":null,"boardId":"51e8db69-7405-4c8e-8427-35c29b785b8a","columnId":null},"responseCode":200}
2022-01-19 17:30:19:3019 http: {"method":"POST","params":{},"url":"/users","query":{},"body":{"id":"8605e45c-97f3-4d24-9793-f3bb4c5c4dea","name":"TEST_USER","login":"test_user"},"responseCode":201}
2022-01-19 17:30:19:3019 http: {"method":"POST","params":{},"url":"/users","query":{},"body":{"id":"12631e5c-d180-4155-8cf5-8894234c6473","name":"TEST_USER","login":"test_user"},"responseCode":201}
2022-01-19 17:30:19:3019 http: {"method":"POST","params":{},"url":"/boards","query":{},"body":{"title":"Autotest board","columns":[{"title":"Backlog","order":1,"id":"3df376a9-8a84-460e-9435-3503125df843"},{"title":"Sprint","order":2,"id":"f07d92f7-d800-48d4-9988-13265c5b288a"}],"id":"271179f8-d80d-48c7-a0d6-22ec1e62d1e4"},"responseCode":201}
2022-01-19 17:30:19:3019 http: {"method":"POST","params":{"boardId":"271179f8-d80d-48c7-a0d6-22ec1e62d1e4"},"url":"/boards/271179f8-d80d-48c7-a0d6-22ec1e62d1e4/tasks","query":{},"body":{"title":"Task #1","order":1,"description":"Lorem ipsum","userId":"12631e5c-d180-4155-8cf5-8894234c6473","boardId":"271179f8-d80d-48c7-a0d6-22ec1e62d1e4","columnId":null,"id":"fcea4b05-54b6-47ec-b109-2704b6466034"},"responseCode":201}
2022-01-19 17:30:19:3019 http: {"method":"POST","params":{"boardId":"271179f8-d80d-48c7-a0d6-22ec1e62d1e4"},"url":"/boards/271179f8-d80d-48c7-a0d6-22ec1e62d1e4/tasks","query":{},"body":{"title":"Task #2","order":2,"description":"Lorem ipsum","userId":"12631e5c-d180-4155-8cf5-8894234c6473","boardId":"271179f8-d80d-48c7-a0d6-22ec1e62d1e4","columnId":null,"id":"ba206816-7fe3-4728-91ae-550c12f1410b"},"responseCode":201}
2022-01-19 17:30:19:3019 http: {"method":"GET","params":{"boardId":"271179f8-d80d-48c7-a0d6-22ec1e62d1e4","taskId":"fcea4b05-54b6-47ec-b109-2704b6466034"},"url":"/boards/271179f8-d80d-48c7-a0d6-22ec1e62d1e4/tasks/fcea4b05-54b6-47ec-b109-2704b6466034","query":{},"body":{"id":"fcea4b05-54b6-47ec-b109-2704b6466034","title":"Task #1","order":1,"description":"Lorem ipsum","userId":null,"boardId":"271179f8-d80d-48c7-a0d6-22ec1e62d1e4","columnId":null},"responseCode":200}
2022-01-19 17:30:19:3019 http: {"method":"GET","params":{"boardId":"271179f8-d80d-48c7-a0d6-22ec1e62d1e4","taskId":"ba206816-7fe3-4728-91ae-550c12f1410b"},"url":"/boards/271179f8-d80d-48c7-a0d6-22ec1e62d1e4/tasks/ba206816-7fe3-4728-91ae-550c12f1410b","query":{},"body":{"id":"ba206816-7fe3-4728-91ae-550c12f1410b","title":"Task #2","order":2,"description":"Lorem ipsum","userId":null,"boardId":"271179f8-d80d-48c7-a0d6-22ec1e62d1e4","columnId":null},"responseCode":200}
